2023-07-07 12:02:03,969 [INFO] Activator:177 - 


2023-07-07 12:02:03,970 [INFO] Activator:178 - !SESSION log4j initialized
2023-07-07 12:02:07,104 [INFO] McuFinderGlobals:39 - Set McuFinder mode to 2 (CubeIDE integrated)
2023-07-07 12:02:07,286 [INFO] ApplicationProperties:181 - Using Application install path: C:\ST\STM32CubeIDE_1.7.0\STM32CubeIDE\plugins\com.st.stm32cube.common.mx_6.3.0.202107141111
2023-07-07 12:02:07,294 [INFO] DbMcusXml:74 - Set database path to: C:\ST\STM32CubeIDE_1.7.0\STM32CubeIDE\plugins\com.st.stm32cube.common.mx_6.3.0.202107141111\\db\/mcu/
2023-07-07 12:02:07,297 [INFO] DbBoardsPdsc:56 - Set plugin database path to: C:\ST\STM32CubeIDE_1.7.0\STM32CubeIDE\plugins\com.st.stm32cube.common.mx_6.3.0.202107141111\\db\/plugins/boardmanager/
2023-07-07 12:02:07,297 [INFO] DbMcus:258 - Set plugin images path to: C:\ST\STM32CubeIDE_1.7.0\STM32CubeIDE\plugins\com.st.stm32cube.common.mx_6.3.0.202107141111\\db\/plugins/mcufinder/images/
2023-07-07 12:02:07,297 [INFO] DbBoards:264 - Set plugin images path to: C:\ST\STM32CubeIDE_1.7.0\STM32CubeIDE\plugins\com.st.stm32cube.common.mx_6.3.0.202107141111\\db\/plugins/mcufinder/images/
2023-07-07 12:02:07,299 [INFO] DbExamples:333 - Set plugin images path to: C:\ST\STM32CubeIDE_1.7.0\STM32CubeIDE\plugins\com.st.stm32cube.common.mx_6.3.0.202107141111\\db\/plugins/mcufinder/images/
2023-07-07 12:02:07,302 [INFO] DbMcusAds:119 - Set database path to: C:\Users\Minh Tuan\.stmcufinder\plugins\mcufinder//mcu/
2023-07-07 12:02:07,302 [INFO] DbMcusDocs:110 - Set database path to: C:\Users\Minh Tuan\.stmcufinder\plugins\mcufinder//mcu/
2023-07-07 12:02:07,303 [INFO] DbMcusJson:64 - Set database path to: C:\Users\Minh Tuan\.stmcufinder\plugins\mcufinder//mcu/
2023-07-07 12:02:07,304 [INFO] DbBoardsDocs:110 - Set database path to: C:\Users\Minh Tuan\.stmcufinder\plugins\mcufinder//mcu/
2023-07-07 12:02:07,304 [INFO] DbBoardsJson:57 - Set database path to: C:\Users\Minh Tuan\.stmcufinder\plugins\mcufinder//mcu/
2023-07-07 12:02:07,306 [INFO] CrossReferenceDbSqlite:196 - Set database path to: C:\Users\Minh Tuan\.stmcufinder\plugins\mcufinder//mcu/cs/
2023-07-07 12:02:07,308 [INFO] DbExamplesSqlite:767 - Set database path to: C:\Users\Minh Tuan\.stmcufinder\plugins\mcufinder//mcu/
2023-07-07 12:02:07,371 [INFO] RulesReader:57 - Compatibility file has been processed (242 Rules)
2023-07-07 12:02:07,424 [INFO] DbMcusXml:74 - Set database path to: C:\ST\STM32CubeIDE_1.7.0\STM32CubeIDE\plugins\com.st.stm32cube.common.mx_6.3.0.202107141111\\db\/mcu/
2023-07-07 12:02:07,425 [INFO] DbBoardsPdsc:56 - Set plugin database path to: C:\ST\STM32CubeIDE_1.7.0\STM32CubeIDE\plugins\com.st.stm32cube.common.mx_6.3.0.202107141111\\db\/plugins/boardmanager/
2023-07-07 12:02:07,425 [INFO] DbMcus:258 - Set plugin images path to: C:\ST\STM32CubeIDE_1.7.0\STM32CubeIDE\plugins\com.st.stm32cube.common.mx_6.3.0.202107141111\\db\/plugins/mcufinder/images/
2023-07-07 12:02:07,426 [INFO] DbBoards:264 - Set plugin images path to: C:\ST\STM32CubeIDE_1.7.0\STM32CubeIDE\plugins\com.st.stm32cube.common.mx_6.3.0.202107141111\\db\/plugins/mcufinder/images/
2023-07-07 12:02:07,426 [INFO] DbExamples:333 - Set plugin images path to: C:\ST\STM32CubeIDE_1.7.0\STM32CubeIDE\plugins\com.st.stm32cube.common.mx_6.3.0.202107141111\\db\/plugins/mcufinder/images/
2023-07-07 12:02:07,426 [WARN] DbFile:35 - Overriding database path with different value: C:\Users\Minh Tuan\.stmcufinder\plugins\mcufinder/ => C:\Users\Minh Tuan\.stmcufinder\plugins\mcufinder
2023-07-07 12:02:07,426 [INFO] DbMcusAds:119 - Set database path to: C:\Users\Minh Tuan\.stmcufinder\plugins\mcufinder//mcu/
2023-07-07 12:02:07,426 [WARN] DbFile:35 - Overriding database path with different value: C:\Users\Minh Tuan\.stmcufinder\plugins\mcufinder/ => C:\Users\Minh Tuan\.stmcufinder\plugins\mcufinder
2023-07-07 12:02:07,426 [INFO] DbMcusDocs:110 - Set database path to: C:\Users\Minh Tuan\.stmcufinder\plugins\mcufinder//mcu/
2023-07-07 12:02:07,426 [WARN] DbFile:35 - Overriding database path with different value: C:\Users\Minh Tuan\.stmcufinder\plugins\mcufinder/ => C:\Users\Minh Tuan\.stmcufinder\plugins\mcufinder
2023-07-07 12:02:07,426 [INFO] DbMcusJson:64 - Set database path to: C:\Users\Minh Tuan\.stmcufinder\plugins\mcufinder//mcu/
2023-07-07 12:02:07,426 [WARN] DbFile:35 - Overriding database path with different value: C:\Users\Minh Tuan\.stmcufinder\plugins\mcufinder/ => C:\Users\Minh Tuan\.stmcufinder\plugins\mcufinder
2023-07-07 12:02:07,426 [INFO] DbBoardsDocs:110 - Set database path to: C:\Users\Minh Tuan\.stmcufinder\plugins\mcufinder//mcu/
2023-07-07 12:02:07,426 [WARN] DbFile:35 - Overriding database path with different value: C:\Users\Minh Tuan\.stmcufinder\plugins\mcufinder/ => C:\Users\Minh Tuan\.stmcufinder\plugins\mcufinder
2023-07-07 12:02:07,426 [INFO] DbBoardsJson:57 - Set database path to: C:\Users\Minh Tuan\.stmcufinder\plugins\mcufinder//mcu/
2023-07-07 12:02:07,426 [WARN] DbFile:35 - Overriding database path with different value: C:\Users\Minh Tuan\.stmcufinder\plugins\mcufinder/ => C:\Users\Minh Tuan\.stmcufinder\plugins\mcufinder
2023-07-07 12:02:07,426 [WARN] DbFile:35 - Overriding database path with different value: C:\Users\Minh Tuan\.stmcufinder\plugins\mcufinder/ => C:\Users\Minh Tuan\.stmcufinder\plugins\mcufinder
2023-07-07 12:02:07,427 [INFO] CrossReferenceDbSqlite:196 - Set database path to: C:\Users\Minh Tuan\.stmcufinder\plugins\mcufinder//mcu/cs/
2023-07-07 12:02:07,427 [WARN] DbFile:35 - Overriding database path with different value: C:\Users\Minh Tuan\.stmcufinder\plugins\mcufinder/ => C:\Users\Minh Tuan\.stmcufinder\plugins\mcufinder
2023-07-07 12:02:07,427 [INFO] DbExamplesSqlite:767 - Set database path to: C:\Users\Minh Tuan\.stmcufinder\plugins\mcufinder//mcu/
2023-07-07 12:02:07,469 [INFO] MainPanel:214 - HeapMemory: 268435456
2023-07-07 12:02:07,512 [INFO] DbMcusXml:74 - Set database path to: C:\ST\STM32CubeIDE_1.7.0\STM32CubeIDE\plugins\com.st.stm32cube.common.mx_6.3.0.202107141111\\db\/mcu/
2023-07-07 12:02:07,512 [INFO] DbBoardsPdsc:56 - Set plugin database path to: C:\ST\STM32CubeIDE_1.7.0\STM32CubeIDE\plugins\com.st.stm32cube.common.mx_6.3.0.202107141111\\db\/plugins/boardmanager/
2023-07-07 12:02:07,512 [INFO] DbMcus:258 - Set plugin images path to: C:\ST\STM32CubeIDE_1.7.0\STM32CubeIDE\plugins\com.st.stm32cube.common.mx_6.3.0.202107141111\\db\/plugins/mcufinder/images/
2023-07-07 12:02:07,512 [INFO] DbBoards:264 - Set plugin images path to: C:\ST\STM32CubeIDE_1.7.0\STM32CubeIDE\plugins\com.st.stm32cube.common.mx_6.3.0.202107141111\\db\/plugins/mcufinder/images/
2023-07-07 12:02:07,512 [INFO] DbExamples:333 - Set plugin images path to: C:\ST\STM32CubeIDE_1.7.0\STM32CubeIDE\plugins\com.st.stm32cube.common.mx_6.3.0.202107141111\\db\/plugins/mcufinder/images/
2023-07-07 12:02:07,512 [WARN] DbFile:35 - Overriding database path with different value: C:\Users\Minh Tuan\.stmcufinder\plugins\mcufinder/ => C:\Users\Minh Tuan\.stmcufinder\plugins\mcufinder
2023-07-07 12:02:07,513 [INFO] DbMcusAds:119 - Set database path to: C:\Users\Minh Tuan\.stmcufinder\plugins\mcufinder//mcu/
2023-07-07 12:02:07,513 [WARN] DbFile:35 - Overriding database path with different value: C:\Users\Minh Tuan\.stmcufinder\plugins\mcufinder/ => C:\Users\Minh Tuan\.stmcufinder\plugins\mcufinder
2023-07-07 12:02:07,513 [INFO] DbMcusDocs:110 - Set database path to: C:\Users\Minh Tuan\.stmcufinder\plugins\mcufinder//mcu/
2023-07-07 12:02:07,513 [WARN] DbFile:35 - Overriding database path with different value: C:\Users\Minh Tuan\.stmcufinder\plugins\mcufinder/ => C:\Users\Minh Tuan\.stmcufinder\plugins\mcufinder
2023-07-07 12:02:07,513 [INFO] DbMcusJson:64 - Set database path to: C:\Users\Minh Tuan\.stmcufinder\plugins\mcufinder//mcu/
2023-07-07 12:02:07,513 [WARN] DbFile:35 - Overriding database path with different value: C:\Users\Minh Tuan\.stmcufinder\plugins\mcufinder/ => C:\Users\Minh Tuan\.stmcufinder\plugins\mcufinder
2023-07-07 12:02:07,513 [INFO] DbBoardsDocs:110 - Set database path to: C:\Users\Minh Tuan\.stmcufinder\plugins\mcufinder//mcu/
2023-07-07 12:02:07,513 [WARN] DbFile:35 - Overriding database path with different value: C:\Users\Minh Tuan\.stmcufinder\plugins\mcufinder/ => C:\Users\Minh Tuan\.stmcufinder\plugins\mcufinder
2023-07-07 12:02:07,513 [INFO] DbBoardsJson:57 - Set database path to: C:\Users\Minh Tuan\.stmcufinder\plugins\mcufinder//mcu/
2023-07-07 12:02:07,513 [WARN] DbFile:35 - Overriding database path with different value: C:\Users\Minh Tuan\.stmcufinder\plugins\mcufinder/ => C:\Users\Minh Tuan\.stmcufinder\plugins\mcufinder
2023-07-07 12:02:07,513 [WARN] DbFile:35 - Overriding database path with different value: C:\Users\Minh Tuan\.stmcufinder\plugins\mcufinder/ => C:\Users\Minh Tuan\.stmcufinder\plugins\mcufinder
2023-07-07 12:02:07,513 [INFO] CrossReferenceDbSqlite:196 - Set database path to: C:\Users\Minh Tuan\.stmcufinder\plugins\mcufinder//mcu/cs/
2023-07-07 12:02:07,513 [WARN] DbFile:35 - Overriding database path with different value: C:\Users\Minh Tuan\.stmcufinder\plugins\mcufinder/ => C:\Users\Minh Tuan\.stmcufinder\plugins\mcufinder
2023-07-07 12:02:07,513 [INFO] DbExamplesSqlite:767 - Set database path to: C:\Users\Minh Tuan\.stmcufinder\plugins\mcufinder//mcu/
2023-07-07 12:02:07,526 [INFO] ApplicationProperties:181 - Using Application install path: C:\ST\STM32CubeIDE_1.7.0\STM32CubeIDE\plugins\com.st.stm32cube.common.mx_6.3.0.202107141111
2023-07-07 12:02:07,527 [INFO] PluginManage:188 - Search for loadable plugins [exclusion list=, ]
2023-07-07 12:02:07,528 [INFO] PluginManage:302 - Check plugin analytics
2023-07-07 12:02:07,616 [INFO] AnalyticsPlugin:257 - Accepted Software Licenses: STM32CubeMX.6.7.0
2023-07-07 12:02:07,616 [INFO] AnalyticsPlugin:259 - Accepted CMSIS Pack Licenses: 
2023-07-07 12:02:07,617 [INFO] AnalyticsPlugin:261 - Accepted Firmware Licenses: 
2023-07-07 12:02:07,617 [INFO] PluginManage:352 - Loaded plugin analytics (category:tool,tabindex:-1)
2023-07-07 12:02:07,617 [INFO] PluginManage:302 - Check plugin clock
2023-07-07 12:02:07,625 [INFO] PluginManage:352 - Loaded plugin clock (category:base,tabindex:2)
2023-07-07 12:02:07,625 [INFO] PluginManage:302 - Check plugin ddr
2023-07-07 12:02:07,626 [INFO] PluginManage:352 - Loaded plugin ddr (category:tool,tabindex:6)
2023-07-07 12:02:07,626 [INFO] PluginManage:302 - Check plugin filemanager
2023-07-07 12:02:07,704 [INFO] PluginManage:352 - Loaded plugin filemanager (category:base,tabindex:10)
2023-07-07 12:02:07,705 [INFO] PluginManage:302 - Check plugin ipmanager
2023-07-07 12:02:07,710 [INFO] PluginManage:352 - Loaded plugin ipmanager (category:base,tabindex:5)
2023-07-07 12:02:07,710 [INFO] PluginManage:302 - Check plugin pinoutandconfiguration
2023-07-07 12:02:07,716 [INFO] PluginManage:352 - Loaded plugin pinoutandconfiguration (category:base,tabindex:1)
2023-07-07 12:02:07,716 [INFO] PluginManage:302 - Check plugin pinoutconfig
2023-07-07 12:02:07,734 [INFO] PluginManage:352 - Loaded plugin pinoutconfig (category:base,tabindex:0)
2023-07-07 12:02:07,734 [INFO] PluginManage:302 - Check plugin power
2023-07-07 12:02:07,739 [INFO] PluginManage:352 - Loaded plugin power (category:power,tabindex:4)
2023-07-07 12:02:07,739 [INFO] PluginManage:302 - Check plugin projectmanager
2023-07-07 12:02:07,750 [INFO] PluginManage:352 - Loaded plugin projectmanager (category:projectmanager,tabindex:3)
2023-07-07 12:02:07,750 [INFO] PluginManage:302 - Check plugin thirdparty
2023-07-07 12:02:07,832 [INFO] PluginManage:352 - Loaded plugin thirdparty (category:base,tabindex:-1)
2023-07-07 12:02:07,832 [WARN] IntegrityCheckThread:78 - waiting for thirdparty lock release [integrity check]
2023-07-07 12:02:07,832 [INFO] PluginManage:302 - Check plugin tools
2023-07-07 12:02:07,832 [INFO] IntegrityCheckThread:80 - entering critical section [integrity check]
2023-07-07 12:02:07,832 [INFO] ThirdPartyUpdaterWithRetryManager:66 - Updater plugin not ready yet. [1/15]
2023-07-07 12:02:07,833 [INFO] PluginManage:352 - Loaded plugin tools (category:base,tabindex:7)
2023-07-07 12:02:07,834 [INFO] PluginManage:302 - Check plugin tutovideos
2023-07-07 12:02:07,956 [INFO] PluginManage:352 - Loaded plugin tutovideos (category:base,tabindex:-1)
2023-07-07 12:02:07,956 [INFO] PluginManage:302 - Check plugin updater
2023-07-07 12:02:07,965 [INFO] PluginManage:352 - Loaded plugin updater (category:base,tabindex:12)
2023-07-07 12:02:07,965 [INFO] PluginManage:275 - PluginManage : Loaded plugins [13]
2023-07-07 12:02:08,073 [INFO] PinOutPanel:1463 - setPackage(No Configuration,No Configuration)
2023-07-07 12:02:08,136 [INFO] IPUIPlugin:74 - create IPUIPlugin
2023-07-07 12:02:08,136 [INFO] PluginManager:213 - loadIPPluginJar : add adc
2023-07-07 12:02:08,137 [INFO] IPUIPlugin:74 - create IPUIPlugin
2023-07-07 12:02:08,137 [INFO] PluginManager:213 - loadIPPluginJar : add aes
2023-07-07 12:02:08,139 [INFO] IPUIPlugin:74 - create IPUIPlugin
2023-07-07 12:02:08,139 [INFO] PluginManager:213 - loadIPPluginJar : add can
2023-07-07 12:02:08,140 [INFO] IPUIPlugin:74 - create IPUIPlugin
2023-07-07 12:02:08,140 [INFO] PluginManager:213 - loadIPPluginJar : add comp
2023-07-07 12:02:08,141 [INFO] IPUIPlugin:74 - create IPUIPlugin
2023-07-07 12:02:08,141 [INFO] PluginManager:213 - loadIPPluginJar : add cryp
2023-07-07 12:02:08,143 [INFO] IPUIPlugin:74 - create IPUIPlugin
2023-07-07 12:02:08,143 [INFO] PluginManager:213 - loadIPPluginJar : add dfsdm
2023-07-07 12:02:08,147 [INFO] IPUIPlugin:74 - create IPUIPlugin
2023-07-07 12:02:08,147 [INFO] PluginManager:213 - loadIPPluginJar : add dma
2023-07-07 12:02:08,148 [INFO] IPUIPlugin:74 - create IPUIPlugin
2023-07-07 12:02:08,148 [INFO] PluginManager:213 - loadIPPluginJar : add dma3
2023-07-07 12:02:08,149 [INFO] IPUIPlugin:74 - create IPUIPlugin
2023-07-07 12:02:08,149 [INFO] PluginManager:213 - loadIPPluginJar : add fatfs
2023-07-07 12:02:08,152 [INFO] IPUIPlugin:74 - create IPUIPlugin
2023-07-07 12:02:08,152 [INFO] PluginManager:213 - loadIPPluginJar : add fmc
2023-07-07 12:02:08,155 [INFO] IPUIPlugin:74 - create IPUIPlugin
2023-07-07 12:02:08,155 [INFO] PluginManager:213 - loadIPPluginJar : add freertos
2023-07-07 12:02:08,156 [INFO] IPUIPlugin:74 - create IPUIPlugin
2023-07-07 12:02:08,156 [INFO] PluginManager:213 - loadIPPluginJar : add genericplugin
2023-07-07 12:02:08,157 [INFO] IPUIPlugin:74 - create IPUIPlugin
2023-07-07 12:02:08,157 [INFO] PluginManager:213 - loadIPPluginJar : add gfxmmu
2023-07-07 12:02:08,160 [INFO] IPUIPlugin:74 - create IPUIPlugin
2023-07-07 12:02:08,161 [INFO] PluginManager:213 - loadIPPluginJar : add gic
2023-07-07 12:02:08,163 [INFO] IPUIPlugin:74 - create IPUIPlugin
2023-07-07 12:02:08,163 [INFO] PluginManager:213 - loadIPPluginJar : add gpio
2023-07-07 12:02:08,165 [INFO] IPUIPlugin:74 - create IPUIPlugin
2023-07-07 12:02:08,165 [INFO] PluginManager:213 - loadIPPluginJar : add gtzc
2023-07-07 12:02:08,166 [INFO] IPUIPlugin:74 - create IPUIPlugin
2023-07-07 12:02:08,166 [INFO] PluginManager:213 - loadIPPluginJar : add hash
2023-07-07 12:02:08,167 [INFO] IPUIPlugin:74 - create IPUIPlugin
2023-07-07 12:02:08,168 [INFO] PluginManager:213 - loadIPPluginJar : add i2c
2023-07-07 12:02:08,169 [INFO] IPUIPlugin:74 - create IPUIPlugin
2023-07-07 12:02:08,169 [INFO] PluginManager:213 - loadIPPluginJar : add i2s
2023-07-07 12:02:08,171 [INFO] IPUIPlugin:74 - create IPUIPlugin
2023-07-07 12:02:08,171 [INFO] PluginManager:213 - loadIPPluginJar : add ipddr
2023-07-07 12:02:08,176 [INFO] IPUIPlugin:74 - create IPUIPlugin
2023-07-07 12:02:08,176 [INFO] PluginManager:213 - loadIPPluginJar : add linkedlist
2023-07-07 12:02:08,178 [INFO] IPUIPlugin:74 - create IPUIPlugin
2023-07-07 12:02:08,178 [INFO] PluginManager:213 - loadIPPluginJar : add lorawan
2023-07-07 12:02:08,178 [INFO] IPUIPlugin:74 - create IPUIPlugin
2023-07-07 12:02:08,178 [INFO] PluginManager:213 - loadIPPluginJar : add ltdc
2023-07-07 12:02:08,181 [INFO] IPUIPlugin:74 - create IPUIPlugin
2023-07-07 12:02:08,181 [INFO] PluginManager:213 - loadIPPluginJar : add mdma
2023-07-07 12:02:08,182 [INFO] IPUIPlugin:74 - create IPUIPlugin
2023-07-07 12:02:08,182 [INFO] PluginManager:213 - loadIPPluginJar : add nvic
2023-07-07 12:02:08,184 [INFO] IPUIPlugin:74 - create IPUIPlugin
2023-07-07 12:02:08,184 [INFO] PluginManager:213 - loadIPPluginJar : add opamp
2023-07-07 12:02:08,185 [INFO] IPUIPlugin:74 - create IPUIPlugin
2023-07-07 12:02:08,185 [INFO] PluginManager:213 - loadIPPluginJar : add openamp
2023-07-07 12:02:08,187 [INFO] IPUIPlugin:74 - create IPUIPlugin
2023-07-07 12:02:08,187 [INFO] PluginManager:213 - loadIPPluginJar : add pdm2pcm
2023-07-07 12:02:08,192 [INFO] IPUIPlugin:74 - create IPUIPlugin
2023-07-07 12:02:08,195 [INFO] PluginManager:213 - loadIPPluginJar : add plateformsettings
2023-07-07 12:02:08,196 [INFO] IPUIPlugin:74 - create IPUIPlugin
2023-07-07 12:02:08,196 [INFO] PluginManager:213 - loadIPPluginJar : add quadspi
2023-07-07 12:02:08,198 [INFO] IPUIPlugin:74 - create IPUIPlugin
2023-07-07 12:02:08,198 [INFO] PluginManager:213 - loadIPPluginJar : add resmgrutility
2023-07-07 12:02:08,200 [INFO] IPUIPlugin:74 - create IPUIPlugin
2023-07-07 12:02:08,200 [INFO] PluginManager:213 - loadIPPluginJar : add sai
2023-07-07 12:02:08,201 [INFO] IPUIPlugin:74 - create IPUIPlugin
2023-07-07 12:02:08,201 [INFO] PluginManager:213 - loadIPPluginJar : add spi
2023-07-07 12:02:08,203 [INFO] IPUIPlugin:74 - create IPUIPlugin
2023-07-07 12:02:08,204 [INFO] PluginManager:213 - loadIPPluginJar : add stm32_wpan
2023-07-07 12:02:08,205 [INFO] IPUIPlugin:74 - create IPUIPlugin
2023-07-07 12:02:08,205 [INFO] PluginManager:213 - loadIPPluginJar : add tim
2023-07-07 12:02:08,206 [INFO] IPUIPlugin:74 - create IPUIPlugin
2023-07-07 12:02:08,206 [INFO] PluginManager:213 - loadIPPluginJar : add touchsensing
2023-07-07 12:02:08,207 [INFO] IPUIPlugin:74 - create IPUIPlugin
2023-07-07 12:02:08,207 [INFO] PluginManager:213 - loadIPPluginJar : add tracer_emb
2023-07-07 12:02:08,208 [INFO] IPUIPlugin:74 - create IPUIPlugin
2023-07-07 12:02:08,208 [INFO] PluginManager:213 - loadIPPluginJar : add ts
2023-07-07 12:02:08,209 [INFO] IPUIPlugin:74 - create IPUIPlugin
2023-07-07 12:02:08,209 [INFO] PluginManager:213 - loadIPPluginJar : add tsc
2023-07-07 12:02:08,210 [INFO] IPUIPlugin:74 - create IPUIPlugin
2023-07-07 12:02:08,210 [INFO] PluginManager:213 - loadIPPluginJar : add ucpd
2023-07-07 12:02:08,212 [INFO] IPUIPlugin:74 - create IPUIPlugin
2023-07-07 12:02:08,212 [INFO] PluginManager:213 - loadIPPluginJar : add usart
2023-07-07 12:02:08,214 [INFO] IPUIPlugin:74 - create IPUIPlugin
2023-07-07 12:02:08,214 [INFO] PluginManager:213 - loadIPPluginJar : add usbx
2023-07-07 12:02:08,450 [FATAL] Updater:294 - Updater called before beeing initialized
2023-07-07 12:02:08,521 [FATAL] Updater:294 - Updater called before beeing initialized
2023-07-07 12:02:08,525 [INFO] DbMcusAds:47 - JSON generation date=Tue Mar 07 15:50:55 ICT 2023 (1678179055335)
2023-07-07 12:02:08,525 [FATAL] Updater:294 - Updater called before beeing initialized
2023-07-07 12:02:08,548 [WARN] DetailPanel:314 - Failed to get advertising image, set to default
2023-07-07 12:02:08,610 [FATAL] Updater:294 - Updater called before beeing initialized
2023-07-07 12:02:08,612 [FATAL] Updater:294 - Updater called before beeing initialized
2023-07-07 12:02:08,612 [FATAL] Updater:294 - Updater called before beeing initialized
2023-07-07 12:02:08,612 [WARN] DetailPanel:314 - Failed to get advertising image, set to default
2023-07-07 12:02:08,612 [FATAL] Updater:294 - Updater called before beeing initialized
2023-07-07 12:02:08,647 [ERROR] Updater:1075 - MainUpdater not yet initialized. External WinMGr cannot be set.
2023-07-07 12:02:08,649 [INFO] Updater:1012 - Updater Version found : 6.3.0
2023-07-07 12:02:08,662 [INFO] ApplicationProperties:181 - Using Application install path: C:\ST\STM32CubeIDE_1.7.0\STM32CubeIDE\plugins\com.st.stm32cube.common.mx_6.3.0.202107141111
2023-07-07 12:02:09,337 [INFO] MainUpdater:2671 - connection check result : 10
2023-07-07 12:02:09,338 [INFO] MainUpdater:265 - Updater Check For Update Now.
2023-07-07 12:02:09,338 [INFO] MicroXplorer:478 - Change Database Version : DB.6.0.30
2023-07-07 12:02:09,472 [INFO] CheckServerUpdateThread:112 - End of CheckServer Thread
2023-07-07 12:02:09,545 [INFO] MainUpdater:2671 - connection check result : 10
2023-07-07 12:02:09,712 [INFO] McuFinderGlobals:52 - Set McuFinderConnectedMode to false
2023-07-07 12:02:09,773 [INFO] CrossSelectorPresenter:1330 - Cross Selector saved comparison directory: C:\Users\Minh Tuan\.stmcufinder\plugins\mcufinder\mcu\cs_comparisons_mx
2023-07-07 12:02:09,777 [INFO] MultiScanPanel:197 - Auto-refresh data requested => check proxy status ongoing
2023-07-07 12:02:09,777 [INFO] MultiScanPanel:201 - Proxy status is invalid
2023-07-07 12:02:09,780 [INFO] FinderPluginLoader:87 - Searching for filters in installed packs
2023-07-07 12:02:09,781 [INFO] DbMcusXml:100 - Load MCU database from C:\ST\STM32CubeIDE_1.7.0\STM32CubeIDE\plugins\com.st.stm32cube.common.mx_6.3.0.202107141111\\db\/mcu/families.xml
2023-07-07 12:02:10,425 [INFO] DbMcusJson:93 - JSON generation date=Tue Nov 16 23:17:54 ICT 2021 (1637079474)
2023-07-07 12:02:10,951 [ERROR] Engine:463 - C:\Users\Minh Tuan\.stm32cubemx\thirdparties\pdsc\STMicroelectronics.X-CUBE-SMBUS.2.1.0.pdsc: PDSC version is not supported
2023-07-07 12:02:10,968 [INFO] DbMcus:175 - Found 1951 MCUs (1903 are supported by CubeMX, 1914 are visible in CubeMX)
2023-07-07 12:02:10,969 [INFO] ApiDb:251 - Load user favorites file C:\Users\Minh Tuan/.stm32cubeide/favorites.mcus.txt: 1 item(s)
2023-07-07 12:02:10,969 [INFO] ApiDb:255 - User favorites MCUs=[STM32F103C6Ux]
2023-07-07 12:02:10,969 [INFO] DbMcus:187 - Set 1 / 1 favorites MCUs
2023-07-07 12:02:11,017 [WARN] PackLoader:238 - Cannot read IP mode file for STMicroelectronics.X-CUBE-AZRTOS-F7.1.1.0
2023-07-07 12:02:11,024 [ERROR] Engine:463 - C:\Users\Minh Tuan\.stm32cubemx\thirdparties\pdsc\STMicroelectronics.FP-SNS-MOTENV1.4.3.2.pdsc: PDSC version is not supported
2023-07-07 12:02:11,026 [ERROR] Engine:463 - C:\Users\Minh Tuan\.stm32cubemx\thirdparties\pdsc\STMicroelectronics.FP-SNS-MOTENV1.4.3.1.pdsc: PDSC version is not supported
2023-07-07 12:02:11,028 [ERROR] Engine:463 - C:\Users\Minh Tuan\.stm32cubemx\thirdparties\pdsc\STMicroelectronics.FP-SNS-FLIGHT1.5.0.1.pdsc: PDSC version is not supported
2023-07-07 12:02:11,033 [WARN] PackLoader:238 - Cannot read IP mode file for STMicroelectronics.X-CUBE-BLE1.6.2.4
2023-07-07 12:02:11,038 [ERROR] Engine:463 - C:\Users\Minh Tuan\.stm32cubemx\thirdparties\pdsc\STMicroelectronics.X-CUBE-DISPLAY.3.0.0.pdsc: PDSC version is not supported
2023-07-07 12:02:11,043 [WARN] PackLoader:238 - Cannot read IP mode file for STMicroelectronics.X-CUBE-TOUCHGFX.4.22.0
2023-07-07 12:02:11,056 [INFO] LogOutputStream:76 - [STDOUT_REDIRECT] 1 : Invalid condition id : UX_CORESTACK_Condition cause : null
2023-07-07 12:02:11,059 [INFO] LogOutputStream:76 - [STDOUT_REDIRECT] 1 : Invalid condition id : UX_CORESTACK_Condition cause : null
2023-07-07 12:02:11,059 [INFO] LogOutputStream:76 - [STDOUT_REDIRECT] 1 : Invalid condition id : UX_CORESTACK_Condition cause : null
2023-07-07 12:02:11,060 [INFO] LogOutputStream:76 - [STDOUT_REDIRECT] 1 : Invalid condition id : UX_CORESTACK_Condition cause : null
2023-07-07 12:02:11,061 [INFO] LogOutputStream:76 - [STDOUT_REDIRECT] 1 : Invalid condition id : UX_CORESTACK_Condition cause : null
2023-07-07 12:02:11,064 [WARN] PackLoader:238 - Cannot read IP mode file for STMicroelectronics.X-CUBE-AZRTOS-WL.2.0.0
2023-07-07 12:02:11,072 [WARN] PackLoader:238 - Cannot read IP mode file for WES.I-CUBE-Cesium.1.3.0
2023-07-07 12:02:11,075 [WARN] PackLoader:238 - Cannot read IP mode file for STMicroelectronics.X-CUBE-BLE2.3.3.0
2023-07-07 12:02:11,078 [WARN] PackLoader:238 - Cannot read IP mode file for STMicroelectronics.X-CUBE-TOUCHGFX.4.21.4
2023-07-07 12:02:11,082 [WARN] PackLoader:238 - Cannot read IP mode file for STMicroelectronics.X-CUBE-ALGOBUILD.1.3.0
2023-07-07 12:02:11,097 [WARN] PackLoader:238 - Cannot read IP mode file for STMicroelectronics.X-CUBE-AZRTOS-G0.1.1.0
2023-07-07 12:02:11,104 [WARN] PackLoader:238 - Cannot read IP mode file for STMicroelectronics.X-CUBE-NFC4.3.0.0
2023-07-07 12:02:11,108 [WARN] PackLoader:238 - Cannot read IP mode file for STMicroelectronics.FP-ATR-SIGFOX1.3.2.0
2023-07-07 12:02:11,149 [WARN] PackLoader:238 - Cannot read IP mode file for SEGGER.I-CUBE-embOS.1.3.1
2023-07-07 12:02:11,185 [WARN] PackLoader:238 - Cannot read IP mode file for STMicroelectronics.X-CUBE-GNSS1.6.0.0
2023-07-07 12:02:11,201 [WARN] PackLoader:238 - Cannot read IP mode file for STMicroelectronics.X-CUBE-AZRTOS-F4.1.1.0
2023-07-07 12:02:11,207 [WARN] PackLoader:238 - Cannot read IP mode file for wolfSSL.I-CUBE-wolfSSL.5.6.0
2023-07-07 12:02:11,255 [WARN] PackLoader:238 - Cannot read IP mode file for STMicroelectronics.X-CUBE-MEMS1.9.6.0
2023-07-07 12:02:11,392 [INFO] DetailPanel:309 - Set advertising image to C:/Users/Minh Tuan/STM32Cube/Repository/\en.prom-stm32h5-mcu-finder.jpg
2023-07-07 12:02:11,493 [ERROR] Engine:463 - C:\Users\Minh Tuan\.stm32cubemx\thirdparties\pdsc\emotas.I-CUBE-CANOPEN.1.1.3.pdsc: PDSC version is not supported
2023-07-07 12:02:11,499 [WARN] PackLoader:238 - Cannot read IP mode file for STMicroelectronics.X-CUBE-BLEMGR.2.0.0
2023-07-07 12:02:11,515 [WARN] ConditionMgr:437 - getConditionDescription Invalid condition id : UX DEVICE CLASS RTOS Condition cause : null
2023-07-07 12:02:11,515 [WARN] ConditionMgr:437 - getConditionDescription Invalid condition id : UX DEVICE CLASS RTOS Condition cause : null
2023-07-07 12:02:11,517 [WARN] PackLoader:238 - Cannot read IP mode file for STMicroelectronics.X-CUBE-AZRTOS-H7.3.1.0
2023-07-07 12:02:11,518 [WARN] ConditionMgr:1038 - genDependencies : Invalid condition id : UX DEVICE CLASS RTOS Condition cause : null
2023-07-07 12:02:11,518 [WARN] ConditionMgr:1038 - genDependencies : Invalid condition id : UX DEVICE CLASS RTOS Condition cause : null
2023-07-07 12:02:11,519 [WARN] ConditionMgr:1038 - genDependencies : Invalid condition id : UX DEVICE CLASS RTOS Condition cause : null
2023-07-07 12:02:11,519 [WARN] ConditionMgr:1038 - genDependencies : Invalid condition id : UX DEVICE CLASS RTOS Condition cause : null
2023-07-07 12:02:11,519 [WARN] ConditionMgr:1038 - genDependencies : Invalid condition id : UX DEVICE CLASS RTOS Condition cause : null
2023-07-07 12:02:11,525 [WARN] PackLoader:238 - Cannot read IP mode file for STMicroelectronics.X-CUBE-NFC7.1.0.1
2023-07-07 12:02:11,529 [WARN] PackLoader:238 - Cannot read IP mode file for STMicroelectronics.X-CUBE-EEPRMA1.4.1.0
2023-07-07 12:02:11,550 [WARN] ConditionMgr:437 - getConditionDescription Invalid condition id : LAN8742 Phy interface Condition cause : null
2023-07-07 12:02:11,550 [WARN] PackLoader:238 - Cannot read IP mode file for STMicroelectronics.X-CUBE-AZRTOS-L4.2.0.0
2023-07-07 12:02:11,551 [WARN] ConditionMgr:1038 - genDependencies : Invalid condition id : LAN8742 Phy interface Condition cause : null
2023-07-07 12:02:11,551 [WARN] ConditionMgr:1038 - genDependencies : Invalid condition id : LAN8742 Phy interface Condition cause : null
2023-07-07 12:02:11,552 [WARN] ConditionMgr:1038 - genDependencies : Invalid condition id : LAN8742 Phy interface Condition cause : null
2023-07-07 12:02:11,557 [WARN] PackLoader:238 - Cannot read IP mode file for STMicroelectronics.X-CUBE-SFXS2LP1.4.0.0
2023-07-07 12:02:11,572 [WARN] PackLoader:238 - Cannot read IP mode file for STMicroelectronics.X-CUBE-ISPU.1.1.0
2023-07-07 12:02:11,575 [ERROR] Engine:463 - C:\Users\Minh Tuan\.stm32cubemx\thirdparties\pdsc\STMicroelectronics.X-CUBE-FREERTOS.1.0.1.pdsc: PDSC version is not supported
2023-07-07 12:02:11,587 [WARN] PackLoader:238 - Cannot read IP mode file for STMicroelectronics.X-CUBE-AZRTOS-L5.1.1.0
2023-07-07 12:02:11,591 [WARN] PackLoader:238 - Cannot read IP mode file for STMicroelectronics.X-CUBE-AI.8.0.1
2023-07-07 12:02:11,606 [WARN] PackLoader:238 - Cannot read IP mode file for STMicroelectronics.X-CUBE-SUBG2.5.0.0
2023-07-07 12:02:11,622 [WARN] PackLoader:238 - Cannot read IP mode file for STMicroelectronics.X-CUBE-AZRTOS-G4.2.0.0
2023-07-07 12:02:11,631 [WARN] PackLoader:238 - Cannot read IP mode file for STMicroelectronics.X-CUBE-TOF1.3.3.0
2023-07-07 12:02:11,642 [WARN] PackLoader:238 - Cannot read IP mode file for portGmbH.I-Cube-SoM-uGOAL.1.1.0
2023-07-07 12:02:11,646 [WARN] PackLoader:238 - Cannot read IP mode file for STMicroelectronics.X-CUBE-ALS.1.0.1
2023-07-07 12:02:11,656 [WARN] PackLoader:238 - Cannot read IP mode file for STMicroelectronics.X-CUBE-AZRTOS-WB.1.1.0
2023-07-07 12:02:11,660 [WARN] PackLoader:238 - Cannot read IP mode file for STMicroelectronics.FP-ATR-ASTRA1.2.0.0
2023-07-07 12:02:11,660 [INFO] ThirdParty:915 - Integrity check success = true
2023-07-07 12:02:11,660 [INFO] IntegrityCheckThread:94 - exiting critical section [integrity check]
2023-07-07 12:02:11,660 [INFO] IntegrityCheckThread:97 - End integrity checks thread
2023-07-07 12:02:11,729 [INFO] DbBoardsPdsc:90 - Found 25 items
2023-07-07 12:02:11,736 [INFO] DbBoardsPdsc:90 - Found 9 items
2023-07-07 12:02:11,744 [INFO] DbBoardsPdsc:90 - Found 33 items
2023-07-07 12:02:11,749 [INFO] DbBoardsPdsc:90 - Found 1 items
2023-07-07 12:02:11,759 [INFO] DbBoardsPdsc:90 - Found 48 items
2023-07-07 12:02:11,769 [INFO] DbBoardsPdsc:90 - Found 43 items
2023-07-07 12:02:11,775 [INFO] DbBoardsPdsc:90 - Found 2 items
2023-07-07 12:02:11,782 [INFO] DbBoardsPdsc:90 - Found 5 items
2023-07-07 12:02:11,785 [WARN] DbBoardsPdsc:254 - Board STM32H7B3I-DK: unknown feature type=Audio, name=, username=Audio stereo codec with Headphone Amp (CS42L51-CNZ), n=1
2023-07-07 12:02:11,785 [WARN] DbBoardsPdsc:254 - Board STM32H735G-DK: unknown feature type=Audio, name=, username=Audio stereo codec with Headphone Amp (WM8994ECS/R), n=1
2023-07-07 12:02:11,786 [WARN] DbBoardsPdsc:254 - Board STM32H7B3I-EVAL: unknown feature type=Audio, name=, username=Multi-Channel Audio Codec (CS42L51-CNZ), n=1
2023-07-07 12:02:11,786 [WARN] DbBoardsPdsc:254 - Board STM32H7B3I-EVAL: unknown feature type=Meter, name=, username=Power-metering and Temperature-monitoring with sigma-delta modulators, n=1
2023-07-07 12:02:11,786 [WARN] DbBoardsPdsc:254 - Board STM32H7B3I-EVAL: unknown feature type=Motor, name=, username=Motor Control, n=1
2023-07-07 12:02:11,787 [WARN] DbBoardsPdsc:254 - Board STM32U575I-EV: unknown feature type=joystick, name=, username=4-direction joystick with selection button, n=1
2023-07-07 12:02:11,816 [INFO] DbBoardsJson:86 - JSON generation date=Tue Nov 16 23:17:54 ICT 2021 (1637079474)
2023-07-07 12:02:11,820 [INFO] DbBoards:117 - Found 167 boards (163 are supported by CubeMX)
2023-07-07 12:02:11,829 [INFO] DbBoardsDocs:143 - JSON generation date=Tue Nov 16 23:17:54 ICT 2021 (1637079474)
2023-07-07 12:02:11,831 [INFO] DbBoardsDocs:79 - Found 209 boards documents
2023-07-07 12:02:11,831 [WARN] DbBoards:127 - board B-L475E-IOT01A2 has no document id list !
2023-07-07 12:02:11,833 [WARN] DbBoards:127 - board NUCLEO-H743ZI has no document id list !
2023-07-07 12:02:11,833 [WARN] DbBoards:127 - board NUCLEO-WL55JC2 has no document id list !
2023-07-07 12:02:11,833 [WARN] DbBoards:127 - board P-NUCLEO-WB55-Nucleo has no document id list !
2023-07-07 12:02:11,833 [WARN] DbBoards:127 - board P-NUCLEO-WB55-USBDongle has no document id list !
2023-07-07 12:02:11,833 [WARN] DbBoards:127 - board STEVAL-BFA001V1B has no document id list !
2023-07-07 12:02:11,833 [WARN] DbBoards:127 - board STEVAL-BFA001V2B has no document id list !
2023-07-07 12:02:11,834 [WARN] DbBoards:127 - board STEVAL-IDP005V1 has no document id list !
2023-07-07 12:02:11,834 [WARN] DbBoards:127 - board STEVAL-IDP005V2 has no document id list !
2023-07-07 12:02:11,834 [WARN] DbBoards:127 - board STEVAL-MKSBOX1V1 has no document id list !
2023-07-07 12:02:11,834 [WARN] DbBoards:127 - board STEVAL-STWINKT1 has no document id list !
2023-07-07 12:02:11,834 [WARN] DbBoards:127 - board STEVAL-STWINKT1B has no document id list !
2023-07-07 12:02:11,834 [WARN] DbBoards:127 - board STM32439I-EVAL2 has no document id list !
2023-07-07 12:02:11,834 [WARN] DbBoards:127 - board STM32F401C-DISCO has no document id list !
2023-07-07 12:02:11,834 [WARN] DbBoards:127 - board STM32F769I-DISC1 has no document id list !
2023-07-07 12:02:11,835 [WARN] DbBoards:127 - board STM32G474E-EVAL1 has no document id list !
2023-07-07 12:02:11,835 [WARN] DbBoards:127 - board STM32H743I-EVAL2 has no document id list !
2023-07-07 12:02:11,835 [WARN] DbBoards:127 - board STM32H747I-DISC1 has no document id list !
2023-07-07 12:02:11,835 [WARN] DbBoards:127 - board STM32H753I-EVAL2 has no document id list !
2023-07-07 12:02:11,835 [WARN] DbBoards:127 - board STM32L-DISCOVERY has no document id list !
2023-07-07 12:02:11,926 [ERROR] DbBoards:189 - Image file not found for board B-U585I-IOT02A: C:\ST\STM32CubeIDE_1.7.0\STM32CubeIDE\plugins\com.st.stm32cube.common.mx_6.3.0.202107141111\\db\/plugins/mcufinder/images/boards/B-U585I-IOT02A_small.jpg
2023-07-07 12:02:11,992 [ERROR] DbBoards:189 - Image file not found for board NUCLEO-F413ZH: C:\ST\STM32CubeIDE_1.7.0\STM32CubeIDE\plugins\com.st.stm32cube.common.mx_6.3.0.202107141111\\db\/plugins/mcufinder/images/boards/nucleo-f413zh_small.jpg
2023-07-07 12:02:12,124 [ERROR] DbBoards:189 - Image file not found for board NUCLEO-L552ZE-Q: C:\ST\STM32CubeIDE_1.7.0\STM32CubeIDE\plugins\com.st.stm32cube.common.mx_6.3.0.202107141111\\db\/plugins/mcufinder/images/boards/nucleo_l552ze_q_small.jpg
2023-07-07 12:02:12,124 [ERROR] DbBoards:189 - Image file not found for board NUCLEO-U575ZI-Q: C:\ST\STM32CubeIDE_1.7.0\STM32CubeIDE\plugins\com.st.stm32cube.common.mx_6.3.0.202107141111\\db\/plugins/mcufinder/images/boards/nucleo-u575zi-q_small.jpg
2023-07-07 12:02:12,124 [ERROR] DbBoards:189 - Image file not found for board NUCLEO-WB15CC: C:\ST\STM32CubeIDE_1.7.0\STM32CubeIDE\plugins\com.st.stm32cube.common.mx_6.3.0.202107141111\\db\/plugins/mcufinder/images/boards/nucleo-wb15cc_small.jpg
2023-07-07 12:02:12,124 [ERROR] DbBoards:189 - Image file not found for board NUCLEO-WB55RG: C:\ST\STM32CubeIDE_1.7.0\STM32CubeIDE\plugins\com.st.stm32cube.common.mx_6.3.0.202107141111\\db\/plugins/mcufinder/images/boards/nucleo-wb55rg_small.jpg
2023-07-07 12:02:12,898 [INFO] ApiDb:251 - Load user favorites file C:\Users\Minh Tuan/.stm32cubeide/favorites.boards.txt: 0 item(s)
2023-07-07 12:02:12,899 [INFO] ApiDb:255 - User favorites Boards=[]
2023-07-07 12:02:12,899 [INFO] DbBoards:206 - Set 0 / 0 favorites Boards
2023-07-07 12:02:37,182 [INFO] McuFinderGlobals:52 - Set McuFinderConnectedMode to true
2023-07-07 12:02:37,184 [INFO] ApiDb:276 - Save user favorites file C:\Users\Minh Tuan/.stm32cubeide/favorites.mcus.txt: 1 item(s)
2023-07-07 12:02:37,185 [INFO] ApiDb:280 - User favorites MCUs=[STM32F103C6Ux]
2023-07-08 09:38:15,969 [INFO] Activator:177 - 


2023-07-08 09:38:15,971 [INFO] Activator:178 - !SESSION log4j initialized
2023-07-08 16:22:12,978 [INFO] Activator:177 - 


2023-07-08 16:22:12,979 [INFO] Activator:178 - !SESSION log4j initialized
2023-07-08 16:22:46,184 [INFO] Activator:177 - 


2023-07-08 16:22:46,185 [INFO] Activator:178 - !SESSION log4j initialized
