2023-07-12 13:23:10,846 [INFO] Activator:177 - 


2023-07-12 13:23:10,847 [INFO] Activator:178 - !SESSION log4j initialized
2023-07-12 13:23:14,382 [INFO] McuFinderGlobals:39 - Set McuFinder mode to 2 (CubeIDE integrated)
2023-07-12 13:23:15,106 [INFO] ApplicationProperties:181 - Using Application install path: C:\ST\STM32CubeIDE_1.7.0\STM32CubeIDE\plugins\com.st.stm32cube.common.mx_6.3.0.202107141111
2023-07-12 13:23:15,118 [INFO] DbMcusXml:74 - Set database path to: C:\ST\STM32CubeIDE_1.7.0\STM32CubeIDE\plugins\com.st.stm32cube.common.mx_6.3.0.202107141111\\db\/mcu/
2023-07-12 13:23:15,121 [INFO] DbBoardsPdsc:56 - Set plugin database path to: C:\ST\STM32CubeIDE_1.7.0\STM32CubeIDE\plugins\com.st.stm32cube.common.mx_6.3.0.202107141111\\db\/plugins/boardmanager/
2023-07-12 13:23:15,122 [INFO] DbMcus:258 - Set plugin images path to: C:\ST\STM32CubeIDE_1.7.0\STM32CubeIDE\plugins\com.st.stm32cube.common.mx_6.3.0.202107141111\\db\/plugins/mcufinder/images/
2023-07-12 13:23:15,122 [INFO] DbBoards:264 - Set plugin images path to: C:\ST\STM32CubeIDE_1.7.0\STM32CubeIDE\plugins\com.st.stm32cube.common.mx_6.3.0.202107141111\\db\/plugins/mcufinder/images/
2023-07-12 13:23:15,124 [INFO] DbExamples:333 - Set plugin images path to: C:\ST\STM32CubeIDE_1.7.0\STM32CubeIDE\plugins\com.st.stm32cube.common.mx_6.3.0.202107141111\\db\/plugins/mcufinder/images/
2023-07-12 13:23:15,136 [INFO] DbMcusAds:119 - Set database path to: C:\Users\Minh Tuan\.stmcufinder\plugins\mcufinder//mcu/
2023-07-12 13:23:15,137 [INFO] DbMcusDocs:110 - Set database path to: C:\Users\Minh Tuan\.stmcufinder\plugins\mcufinder//mcu/
2023-07-12 13:23:15,139 [INFO] DbMcusJson:64 - Set database path to: C:\Users\Minh Tuan\.stmcufinder\plugins\mcufinder//mcu/
2023-07-12 13:23:15,139 [INFO] DbBoardsDocs:110 - Set database path to: C:\Users\Minh Tuan\.stmcufinder\plugins\mcufinder//mcu/
2023-07-12 13:23:15,140 [INFO] DbBoardsJson:57 - Set database path to: C:\Users\Minh Tuan\.stmcufinder\plugins\mcufinder//mcu/
2023-07-12 13:23:15,143 [INFO] CrossReferenceDbSqlite:196 - Set database path to: C:\Users\Minh Tuan\.stmcufinder\plugins\mcufinder//mcu/cs/
2023-07-12 13:23:15,146 [INFO] DbExamplesSqlite:767 - Set database path to: C:\Users\Minh Tuan\.stmcufinder\plugins\mcufinder//mcu/
2023-07-12 13:23:15,223 [INFO] RulesReader:57 - Compatibility file has been processed (242 Rules)
2023-07-12 13:23:15,291 [INFO] DbMcusXml:74 - Set database path to: C:\ST\STM32CubeIDE_1.7.0\STM32CubeIDE\plugins\com.st.stm32cube.common.mx_6.3.0.202107141111\\db\/mcu/
2023-07-12 13:23:15,292 [INFO] DbBoardsPdsc:56 - Set plugin database path to: C:\ST\STM32CubeIDE_1.7.0\STM32CubeIDE\plugins\com.st.stm32cube.common.mx_6.3.0.202107141111\\db\/plugins/boardmanager/
2023-07-12 13:23:15,292 [INFO] DbMcus:258 - Set plugin images path to: C:\ST\STM32CubeIDE_1.7.0\STM32CubeIDE\plugins\com.st.stm32cube.common.mx_6.3.0.202107141111\\db\/plugins/mcufinder/images/
2023-07-12 13:23:15,292 [INFO] DbBoards:264 - Set plugin images path to: C:\ST\STM32CubeIDE_1.7.0\STM32CubeIDE\plugins\com.st.stm32cube.common.mx_6.3.0.202107141111\\db\/plugins/mcufinder/images/
2023-07-12 13:23:15,292 [INFO] DbExamples:333 - Set plugin images path to: C:\ST\STM32CubeIDE_1.7.0\STM32CubeIDE\plugins\com.st.stm32cube.common.mx_6.3.0.202107141111\\db\/plugins/mcufinder/images/
2023-07-12 13:23:15,292 [WARN] DbFile:35 - Overriding database path with different value: C:\Users\Minh Tuan\.stmcufinder\plugins\mcufinder/ => C:\Users\Minh Tuan\.stmcufinder\plugins\mcufinder
2023-07-12 13:23:15,292 [INFO] DbMcusAds:119 - Set database path to: C:\Users\Minh Tuan\.stmcufinder\plugins\mcufinder//mcu/
2023-07-12 13:23:15,292 [WARN] DbFile:35 - Overriding database path with different value: C:\Users\Minh Tuan\.stmcufinder\plugins\mcufinder/ => C:\Users\Minh Tuan\.stmcufinder\plugins\mcufinder
2023-07-12 13:23:15,292 [INFO] DbMcusDocs:110 - Set database path to: C:\Users\Minh Tuan\.stmcufinder\plugins\mcufinder//mcu/
2023-07-12 13:23:15,292 [WARN] DbFile:35 - Overriding database path with different value: C:\Users\Minh Tuan\.stmcufinder\plugins\mcufinder/ => C:\Users\Minh Tuan\.stmcufinder\plugins\mcufinder
2023-07-12 13:23:15,292 [INFO] DbMcusJson:64 - Set database path to: C:\Users\Minh Tuan\.stmcufinder\plugins\mcufinder//mcu/
2023-07-12 13:23:15,293 [WARN] DbFile:35 - Overriding database path with different value: C:\Users\Minh Tuan\.stmcufinder\plugins\mcufinder/ => C:\Users\Minh Tuan\.stmcufinder\plugins\mcufinder
2023-07-12 13:23:15,293 [INFO] DbBoardsDocs:110 - Set database path to: C:\Users\Minh Tuan\.stmcufinder\plugins\mcufinder//mcu/
2023-07-12 13:23:15,293 [WARN] DbFile:35 - Overriding database path with different value: C:\Users\Minh Tuan\.stmcufinder\plugins\mcufinder/ => C:\Users\Minh Tuan\.stmcufinder\plugins\mcufinder
2023-07-12 13:23:15,293 [INFO] DbBoardsJson:57 - Set database path to: C:\Users\Minh Tuan\.stmcufinder\plugins\mcufinder//mcu/
2023-07-12 13:23:15,293 [WARN] DbFile:35 - Overriding database path with different value: C:\Users\Minh Tuan\.stmcufinder\plugins\mcufinder/ => C:\Users\Minh Tuan\.stmcufinder\plugins\mcufinder
2023-07-12 13:23:15,293 [WARN] DbFile:35 - Overriding database path with different value: C:\Users\Minh Tuan\.stmcufinder\plugins\mcufinder/ => C:\Users\Minh Tuan\.stmcufinder\plugins\mcufinder
2023-07-12 13:23:15,293 [INFO] CrossReferenceDbSqlite:196 - Set database path to: C:\Users\Minh Tuan\.stmcufinder\plugins\mcufinder//mcu/cs/
2023-07-12 13:23:15,293 [WARN] DbFile:35 - Overriding database path with different value: C:\Users\Minh Tuan\.stmcufinder\plugins\mcufinder/ => C:\Users\Minh Tuan\.stmcufinder\plugins\mcufinder
2023-07-12 13:23:15,293 [INFO] DbExamplesSqlite:767 - Set database path to: C:\Users\Minh Tuan\.stmcufinder\plugins\mcufinder//mcu/
2023-07-12 13:23:15,343 [INFO] MainPanel:214 - HeapMemory: 268435456
2023-07-12 13:23:15,394 [INFO] DbMcusXml:74 - Set database path to: C:\ST\STM32CubeIDE_1.7.0\STM32CubeIDE\plugins\com.st.stm32cube.common.mx_6.3.0.202107141111\\db\/mcu/
2023-07-12 13:23:15,394 [INFO] DbBoardsPdsc:56 - Set plugin database path to: C:\ST\STM32CubeIDE_1.7.0\STM32CubeIDE\plugins\com.st.stm32cube.common.mx_6.3.0.202107141111\\db\/plugins/boardmanager/
2023-07-12 13:23:15,394 [INFO] DbMcus:258 - Set plugin images path to: C:\ST\STM32CubeIDE_1.7.0\STM32CubeIDE\plugins\com.st.stm32cube.common.mx_6.3.0.202107141111\\db\/plugins/mcufinder/images/
2023-07-12 13:23:15,394 [INFO] DbBoards:264 - Set plugin images path to: C:\ST\STM32CubeIDE_1.7.0\STM32CubeIDE\plugins\com.st.stm32cube.common.mx_6.3.0.202107141111\\db\/plugins/mcufinder/images/
2023-07-12 13:23:15,394 [INFO] DbExamples:333 - Set plugin images path to: C:\ST\STM32CubeIDE_1.7.0\STM32CubeIDE\plugins\com.st.stm32cube.common.mx_6.3.0.202107141111\\db\/plugins/mcufinder/images/
2023-07-12 13:23:15,395 [WARN] DbFile:35 - Overriding database path with different value: C:\Users\Minh Tuan\.stmcufinder\plugins\mcufinder/ => C:\Users\Minh Tuan\.stmcufinder\plugins\mcufinder
2023-07-12 13:23:15,395 [INFO] DbMcusAds:119 - Set database path to: C:\Users\Minh Tuan\.stmcufinder\plugins\mcufinder//mcu/
2023-07-12 13:23:15,395 [WARN] DbFile:35 - Overriding database path with different value: C:\Users\Minh Tuan\.stmcufinder\plugins\mcufinder/ => C:\Users\Minh Tuan\.stmcufinder\plugins\mcufinder
2023-07-12 13:23:15,395 [INFO] DbMcusDocs:110 - Set database path to: C:\Users\Minh Tuan\.stmcufinder\plugins\mcufinder//mcu/
2023-07-12 13:23:15,395 [WARN] DbFile:35 - Overriding database path with different value: C:\Users\Minh Tuan\.stmcufinder\plugins\mcufinder/ => C:\Users\Minh Tuan\.stmcufinder\plugins\mcufinder
2023-07-12 13:23:15,395 [INFO] DbMcusJson:64 - Set database path to: C:\Users\Minh Tuan\.stmcufinder\plugins\mcufinder//mcu/
2023-07-12 13:23:15,395 [WARN] DbFile:35 - Overriding database path with different value: C:\Users\Minh Tuan\.stmcufinder\plugins\mcufinder/ => C:\Users\Minh Tuan\.stmcufinder\plugins\mcufinder
2023-07-12 13:23:15,395 [INFO] DbBoardsDocs:110 - Set database path to: C:\Users\Minh Tuan\.stmcufinder\plugins\mcufinder//mcu/
2023-07-12 13:23:15,395 [WARN] DbFile:35 - Overriding database path with different value: C:\Users\Minh Tuan\.stmcufinder\plugins\mcufinder/ => C:\Users\Minh Tuan\.stmcufinder\plugins\mcufinder
2023-07-12 13:23:15,395 [INFO] DbBoardsJson:57 - Set database path to: C:\Users\Minh Tuan\.stmcufinder\plugins\mcufinder//mcu/
2023-07-12 13:23:15,395 [WARN] DbFile:35 - Overriding database path with different value: C:\Users\Minh Tuan\.stmcufinder\plugins\mcufinder/ => C:\Users\Minh Tuan\.stmcufinder\plugins\mcufinder
2023-07-12 13:23:15,395 [WARN] DbFile:35 - Overriding database path with different value: C:\Users\Minh Tuan\.stmcufinder\plugins\mcufinder/ => C:\Users\Minh Tuan\.stmcufinder\plugins\mcufinder
2023-07-12 13:23:15,395 [INFO] CrossReferenceDbSqlite:196 - Set database path to: C:\Users\Minh Tuan\.stmcufinder\plugins\mcufinder//mcu/cs/
2023-07-12 13:23:15,395 [WARN] DbFile:35 - Overriding database path with different value: C:\Users\Minh Tuan\.stmcufinder\plugins\mcufinder/ => C:\Users\Minh Tuan\.stmcufinder\plugins\mcufinder
2023-07-12 13:23:15,395 [INFO] DbExamplesSqlite:767 - Set database path to: C:\Users\Minh Tuan\.stmcufinder\plugins\mcufinder//mcu/
2023-07-12 13:23:15,410 [INFO] ApplicationProperties:181 - Using Application install path: C:\ST\STM32CubeIDE_1.7.0\STM32CubeIDE\plugins\com.st.stm32cube.common.mx_6.3.0.202107141111
2023-07-12 13:23:15,411 [INFO] PluginManage:188 - Search for loadable plugins [exclusion list=, ]
2023-07-12 13:23:15,412 [INFO] PluginManage:302 - Check plugin analytics
2023-07-12 13:23:15,523 [INFO] AnalyticsPlugin:257 - Accepted Software Licenses: STM32CubeMX.6.7.0
2023-07-12 13:23:15,523 [INFO] AnalyticsPlugin:259 - Accepted CMSIS Pack Licenses: 
2023-07-12 13:23:15,523 [INFO] AnalyticsPlugin:261 - Accepted Firmware Licenses: 
2023-07-12 13:23:15,523 [INFO] PluginManage:352 - Loaded plugin analytics (category:tool,tabindex:-1)
2023-07-12 13:23:15,524 [INFO] PluginManage:302 - Check plugin clock
2023-07-12 13:23:15,541 [INFO] PluginManage:352 - Loaded plugin clock (category:base,tabindex:2)
2023-07-12 13:23:15,542 [INFO] PluginManage:302 - Check plugin ddr
2023-07-12 13:23:15,543 [INFO] PluginManage:352 - Loaded plugin ddr (category:tool,tabindex:6)
2023-07-12 13:23:15,543 [INFO] PluginManage:302 - Check plugin filemanager
2023-07-12 13:23:15,639 [INFO] PluginManage:352 - Loaded plugin filemanager (category:base,tabindex:10)
2023-07-12 13:23:15,639 [INFO] PluginManage:302 - Check plugin ipmanager
2023-07-12 13:23:15,646 [INFO] PluginManage:352 - Loaded plugin ipmanager (category:base,tabindex:5)
2023-07-12 13:23:15,646 [INFO] PluginManage:302 - Check plugin pinoutandconfiguration
2023-07-12 13:23:15,661 [INFO] PluginManage:352 - Loaded plugin pinoutandconfiguration (category:base,tabindex:1)
2023-07-12 13:23:15,661 [INFO] PluginManage:302 - Check plugin pinoutconfig
2023-07-12 13:23:15,690 [INFO] PluginManage:352 - Loaded plugin pinoutconfig (category:base,tabindex:0)
2023-07-12 13:23:15,691 [INFO] PluginManage:302 - Check plugin power
2023-07-12 13:23:15,706 [INFO] PluginManage:352 - Loaded plugin power (category:power,tabindex:4)
2023-07-12 13:23:15,706 [INFO] PluginManage:302 - Check plugin projectmanager
2023-07-12 13:23:15,717 [INFO] PluginManage:352 - Loaded plugin projectmanager (category:projectmanager,tabindex:3)
2023-07-12 13:23:15,717 [INFO] PluginManage:302 - Check plugin thirdparty
2023-07-12 13:23:15,912 [INFO] PluginManage:352 - Loaded plugin thirdparty (category:base,tabindex:-1)
2023-07-12 13:23:15,912 [WARN] IntegrityCheckThread:78 - waiting for thirdparty lock release [integrity check]
2023-07-12 13:23:15,912 [INFO] PluginManage:302 - Check plugin tools
2023-07-12 13:23:15,913 [INFO] IntegrityCheckThread:80 - entering critical section [integrity check]
2023-07-12 13:23:15,913 [INFO] ThirdPartyUpdaterWithRetryManager:66 - Updater plugin not ready yet. [1/15]
2023-07-12 13:23:15,954 [INFO] PluginManage:352 - Loaded plugin tools (category:base,tabindex:7)
2023-07-12 13:23:15,954 [INFO] PluginManage:302 - Check plugin tutovideos
2023-07-12 13:23:16,136 [INFO] PluginManage:352 - Loaded plugin tutovideos (category:base,tabindex:-1)
2023-07-12 13:23:16,136 [INFO] PluginManage:302 - Check plugin updater
2023-07-12 13:23:16,146 [INFO] PluginManage:352 - Loaded plugin updater (category:base,tabindex:12)
2023-07-12 13:23:16,146 [INFO] PluginManage:275 - PluginManage : Loaded plugins [13]
2023-07-12 13:23:16,279 [INFO] PinOutPanel:1463 - setPackage(No Configuration,No Configuration)
2023-07-12 13:23:16,358 [INFO] IPUIPlugin:74 - create IPUIPlugin
2023-07-12 13:23:16,358 [INFO] PluginManager:213 - loadIPPluginJar : add adc
2023-07-12 13:23:16,391 [INFO] IPUIPlugin:74 - create IPUIPlugin
2023-07-12 13:23:16,391 [INFO] PluginManager:213 - loadIPPluginJar : add aes
2023-07-12 13:23:16,430 [INFO] IPUIPlugin:74 - create IPUIPlugin
2023-07-12 13:23:16,430 [INFO] PluginManager:213 - loadIPPluginJar : add can
2023-07-12 13:23:16,454 [INFO] IPUIPlugin:74 - create IPUIPlugin
2023-07-12 13:23:16,454 [INFO] PluginManager:213 - loadIPPluginJar : add comp
2023-07-12 13:23:16,479 [INFO] IPUIPlugin:74 - create IPUIPlugin
2023-07-12 13:23:16,479 [INFO] PluginManager:213 - loadIPPluginJar : add cryp
2023-07-12 13:23:16,509 [INFO] IPUIPlugin:74 - create IPUIPlugin
2023-07-12 13:23:16,510 [INFO] PluginManager:213 - loadIPPluginJar : add dfsdm
2023-07-12 13:23:16,522 [INFO] IPUIPlugin:74 - create IPUIPlugin
2023-07-12 13:23:16,522 [INFO] PluginManager:213 - loadIPPluginJar : add dma
2023-07-12 13:23:16,557 [INFO] IPUIPlugin:74 - create IPUIPlugin
2023-07-12 13:23:16,558 [INFO] PluginManager:213 - loadIPPluginJar : add dma3
2023-07-12 13:23:16,577 [INFO] IPUIPlugin:74 - create IPUIPlugin
2023-07-12 13:23:16,577 [INFO] PluginManager:213 - loadIPPluginJar : add fatfs
2023-07-12 13:23:16,619 [INFO] IPUIPlugin:74 - create IPUIPlugin
2023-07-12 13:23:16,620 [INFO] PluginManager:213 - loadIPPluginJar : add fmc
2023-07-12 13:23:16,633 [INFO] IPUIPlugin:74 - create IPUIPlugin
2023-07-12 13:23:16,634 [INFO] PluginManager:213 - loadIPPluginJar : add freertos
2023-07-12 13:23:16,654 [INFO] IPUIPlugin:74 - create IPUIPlugin
2023-07-12 13:23:16,655 [INFO] PluginManager:213 - loadIPPluginJar : add genericplugin
2023-07-12 13:23:16,720 [INFO] IPUIPlugin:74 - create IPUIPlugin
2023-07-12 13:23:16,720 [INFO] PluginManager:213 - loadIPPluginJar : add gfxmmu
2023-07-12 13:23:16,810 [INFO] IPUIPlugin:74 - create IPUIPlugin
2023-07-12 13:23:16,810 [INFO] PluginManager:213 - loadIPPluginJar : add gic
2023-07-12 13:23:16,822 [INFO] IPUIPlugin:74 - create IPUIPlugin
2023-07-12 13:23:16,822 [INFO] PluginManager:213 - loadIPPluginJar : add gpio
2023-07-12 13:23:16,877 [INFO] IPUIPlugin:74 - create IPUIPlugin
2023-07-12 13:23:16,877 [INFO] PluginManager:213 - loadIPPluginJar : add gtzc
2023-07-12 13:23:16,903 [INFO] IPUIPlugin:74 - create IPUIPlugin
2023-07-12 13:23:16,904 [INFO] PluginManager:213 - loadIPPluginJar : add hash
2023-07-12 13:23:16,943 [INFO] IPUIPlugin:74 - create IPUIPlugin
2023-07-12 13:23:16,943 [INFO] PluginManager:213 - loadIPPluginJar : add i2c
2023-07-12 13:23:16,975 [INFO] IPUIPlugin:74 - create IPUIPlugin
2023-07-12 13:23:16,975 [INFO] PluginManager:213 - loadIPPluginJar : add i2s
2023-07-12 13:23:16,984 [INFO] IPUIPlugin:74 - create IPUIPlugin
2023-07-12 13:23:16,984 [INFO] PluginManager:213 - loadIPPluginJar : add ipddr
2023-07-12 13:23:17,048 [INFO] IPUIPlugin:74 - create IPUIPlugin
2023-07-12 13:23:17,049 [INFO] PluginManager:213 - loadIPPluginJar : add linkedlist
2023-07-12 13:23:17,078 [INFO] IPUIPlugin:74 - create IPUIPlugin
2023-07-12 13:23:17,078 [INFO] PluginManager:213 - loadIPPluginJar : add lorawan
2023-07-12 13:23:17,109 [INFO] IPUIPlugin:74 - create IPUIPlugin
2023-07-12 13:23:17,109 [INFO] PluginManager:213 - loadIPPluginJar : add ltdc
2023-07-12 13:23:17,120 [INFO] IPUIPlugin:74 - create IPUIPlugin
2023-07-12 13:23:17,120 [INFO] PluginManager:213 - loadIPPluginJar : add mdma
2023-07-12 13:23:17,130 [INFO] IPUIPlugin:74 - create IPUIPlugin
2023-07-12 13:23:17,130 [INFO] PluginManager:213 - loadIPPluginJar : add nvic
2023-07-12 13:23:17,160 [INFO] IPUIPlugin:74 - create IPUIPlugin
2023-07-12 13:23:17,160 [INFO] PluginManager:213 - loadIPPluginJar : add opamp
2023-07-12 13:23:17,209 [INFO] IPUIPlugin:74 - create IPUIPlugin
2023-07-12 13:23:17,209 [INFO] PluginManager:213 - loadIPPluginJar : add openamp
2023-07-12 13:23:17,246 [INFO] IPUIPlugin:74 - create IPUIPlugin
2023-07-12 13:23:17,246 [INFO] PluginManager:213 - loadIPPluginJar : add pdm2pcm
2023-07-12 13:23:17,259 [INFO] IPUIPlugin:74 - create IPUIPlugin
2023-07-12 13:23:17,261 [INFO] PluginManager:213 - loadIPPluginJar : add plateformsettings
2023-07-12 13:23:17,283 [INFO] IPUIPlugin:74 - create IPUIPlugin
2023-07-12 13:23:17,283 [INFO] PluginManager:213 - loadIPPluginJar : add quadspi
2023-07-12 13:23:17,294 [INFO] IPUIPlugin:74 - create IPUIPlugin
2023-07-12 13:23:17,294 [INFO] PluginManager:213 - loadIPPluginJar : add resmgrutility
2023-07-12 13:23:17,336 [INFO] IPUIPlugin:74 - create IPUIPlugin
2023-07-12 13:23:17,337 [INFO] PluginManager:213 - loadIPPluginJar : add sai
2023-07-12 13:23:17,371 [INFO] IPUIPlugin:74 - create IPUIPlugin
2023-07-12 13:23:17,371 [INFO] PluginManager:213 - loadIPPluginJar : add spi
2023-07-12 13:23:17,413 [INFO] IPUIPlugin:74 - create IPUIPlugin
2023-07-12 13:23:17,413 [INFO] PluginManager:213 - loadIPPluginJar : add stm32_wpan
2023-07-12 13:23:17,435 [INFO] IPUIPlugin:74 - create IPUIPlugin
2023-07-12 13:23:17,435 [INFO] PluginManager:213 - loadIPPluginJar : add tim
2023-07-12 13:23:17,481 [INFO] IPUIPlugin:74 - create IPUIPlugin
2023-07-12 13:23:17,481 [INFO] PluginManager:213 - loadIPPluginJar : add touchsensing
2023-07-12 13:23:17,503 [INFO] IPUIPlugin:74 - create IPUIPlugin
2023-07-12 13:23:17,503 [INFO] PluginManager:213 - loadIPPluginJar : add tracer_emb
2023-07-12 13:23:17,526 [INFO] IPUIPlugin:74 - create IPUIPlugin
2023-07-12 13:23:17,526 [INFO] PluginManager:213 - loadIPPluginJar : add ts
2023-07-12 13:23:17,551 [INFO] IPUIPlugin:74 - create IPUIPlugin
2023-07-12 13:23:17,551 [INFO] PluginManager:213 - loadIPPluginJar : add tsc
2023-07-12 13:23:17,580 [INFO] IPUIPlugin:74 - create IPUIPlugin
2023-07-12 13:23:17,580 [INFO] PluginManager:213 - loadIPPluginJar : add ucpd
2023-07-12 13:23:17,618 [INFO] IPUIPlugin:74 - create IPUIPlugin
2023-07-12 13:23:17,618 [INFO] PluginManager:213 - loadIPPluginJar : add usart
2023-07-12 13:23:17,656 [INFO] IPUIPlugin:74 - create IPUIPlugin
2023-07-12 13:23:17,656 [INFO] PluginManager:213 - loadIPPluginJar : add usbx
2023-07-12 13:23:17,909 [FATAL] Updater:294 - Updater called before beeing initialized
2023-07-12 13:23:17,987 [FATAL] Updater:294 - Updater called before beeing initialized
2023-07-12 13:23:17,991 [INFO] DbMcusAds:47 - JSON generation date=Tue Mar 07 15:50:55 ICT 2023 (1678179055335)
2023-07-12 13:23:17,992 [FATAL] Updater:294 - Updater called before beeing initialized
2023-07-12 13:23:18,019 [WARN] DetailPanel:314 - Failed to get advertising image, set to default
2023-07-12 13:23:18,083 [FATAL] Updater:294 - Updater called before beeing initialized
2023-07-12 13:23:18,085 [FATAL] Updater:294 - Updater called before beeing initialized
2023-07-12 13:23:18,085 [FATAL] Updater:294 - Updater called before beeing initialized
2023-07-12 13:23:18,085 [WARN] DetailPanel:314 - Failed to get advertising image, set to default
2023-07-12 13:23:18,086 [FATAL] Updater:294 - Updater called before beeing initialized
2023-07-12 13:23:18,128 [ERROR] Updater:1075 - MainUpdater not yet initialized. External WinMGr cannot be set.
2023-07-12 13:23:18,136 [INFO] Updater:1012 - Updater Version found : 6.3.0
2023-07-12 13:23:18,154 [INFO] ApplicationProperties:181 - Using Application install path: C:\ST\STM32CubeIDE_1.7.0\STM32CubeIDE\plugins\com.st.stm32cube.common.mx_6.3.0.202107141111
2023-07-12 13:23:18,914 [INFO] ThirdPartyUpdaterWithRetryManager:66 - Updater plugin not ready yet. [2/15]
2023-07-12 13:23:19,252 [INFO] MainUpdater:2671 - connection check result : 10
2023-07-12 13:23:19,253 [INFO] MainUpdater:265 - Updater Check For Update Now.
2023-07-12 13:23:19,253 [INFO] MicroXplorer:478 - Change Database Version : DB.6.0.30
2023-07-12 13:23:19,413 [INFO] CheckServerUpdateThread:112 - End of CheckServer Thread
2023-07-12 13:23:19,487 [INFO] MainUpdater:2671 - connection check result : 10
2023-07-12 13:23:19,503 [INFO] McuFinderGlobals:52 - Set McuFinderConnectedMode to true
2023-07-12 13:23:19,587 [INFO] ServerAccessManage:362 - Download File mcusAds.json._tmp_
2023-07-12 13:23:19,695 [INFO] LoadUrlFilesThread:145 - End of LoadUrlFiles Thread
2023-07-12 13:23:20,496 [INFO] ServerAccessManage:362 - Download File mcusDocs.json._tmp_
2023-07-12 13:23:21,399 [INFO] LoadUrlFilesThread:145 - End of LoadUrlFiles Thread
2023-07-12 13:23:21,551 [INFO] ServerAccessManage:362 - Download File mcusFeaturesAndDescription.json._tmp_
2023-07-12 13:23:21,914 [WARN] MainUpdater:1122 - Updater busy. Cannot search thirdparties
2023-07-12 13:23:21,914 [INFO] ThirdPartyUpdaterWithRetryManager:92 - Updater plugin is busy. [1/15]
2023-07-12 13:23:22,175 [INFO] LoadUrlFilesThread:145 - End of LoadUrlFiles Thread
2023-07-12 13:23:22,321 [INFO] ServerAccessManage:362 - Download File boardsDocs.json._tmp_
2023-07-12 13:23:22,456 [INFO] LoadUrlFilesThread:145 - End of LoadUrlFiles Thread
2023-07-12 13:23:22,602 [INFO] ServerAccessManage:362 - Download File boards.json._tmp_
2023-07-12 13:23:22,812 [INFO] LoadUrlFilesThread:145 - End of LoadUrlFiles Thread
2023-07-12 13:23:23,069 [INFO] ServerAccessManage:362 - Download File cube-finder-db.zip
2023-07-12 13:23:24,215 [INFO] FileExtend:235 - Unzip File : cube-finder-db.zip
2023-07-12 13:23:24,215 [INFO] FileExtend:250 - Standard Zip Deflate
2023-07-12 13:23:24,914 [WARN] MainUpdater:1122 - Updater busy. Cannot search thirdparties
2023-07-12 13:23:24,914 [INFO] ThirdPartyUpdaterWithRetryManager:92 - Updater plugin is busy. [2/15]
2023-07-12 13:23:24,934 [INFO] LoadUrlFilesThread:145 - End of LoadUrlFiles Thread
2023-07-12 13:23:26,122 [INFO] ServerAccessManage:362 - Download File crdb.zip
2023-07-12 13:23:27,565 [INFO] FileExtend:235 - Unzip File : crdb.zip
2023-07-12 13:23:27,566 [INFO] FileExtend:250 - Standard Zip Deflate
2023-07-12 13:23:27,689 [INFO] LoadUrlFilesThread:145 - End of LoadUrlFiles Thread
2023-07-12 13:23:27,915 [WARN] MainUpdater:1122 - Updater busy. Cannot search thirdparties
2023-07-12 13:23:27,915 [INFO] ThirdPartyUpdaterWithRetryManager:92 - Updater plugin is busy. [3/15]
2023-07-12 13:23:27,940 [INFO] ServerAccessManage:362 - Download File tutoVideoDB.zip
2023-07-12 13:23:27,951 [INFO] FileExtend:235 - Unzip File : tutoVideoDB.zip
2023-07-12 13:23:27,951 [INFO] FileExtend:250 - Standard Zip Deflate
2023-07-12 13:23:28,065 [INFO] LoadUrlFilesThread:145 - End of LoadUrlFiles Thread
2023-07-12 13:23:28,066 [INFO] DbMcusAds:47 - JSON generation date=Tue Mar 07 15:50:55 ICT 2023 (1678179055335)
2023-07-12 13:23:28,075 [INFO] DbMcusDocs:143 - JSON generation date=Tue Nov 16 23:17:54 ICT 2021 (1637079474)
2023-07-12 13:23:28,076 [INFO] DbMcusXml:100 - Load MCU database from C:\ST\STM32CubeIDE_1.7.0\STM32CubeIDE\plugins\com.st.stm32cube.common.mx_6.3.0.202107141111\\db\/mcu/families.xml
2023-07-12 13:23:28,662 [INFO] DbMcusJson:93 - JSON generation date=Tue Nov 16 23:17:54 ICT 2021 (1637079474)
2023-07-12 13:23:29,091 [INFO] DbMcus:175 - Found 1951 MCUs (1903 are supported by CubeMX, 1914 are visible in CubeMX)
2023-07-12 13:23:29,095 [INFO] ApiDb:251 - Load user favorites file C:\Users\Minh Tuan/.stm32cubeide/favorites.mcus.txt: 1 item(s)
2023-07-12 13:23:29,096 [INFO] ApiDb:255 - User favorites MCUs=[STM32F103C6Ux]
2023-07-12 13:23:29,096 [INFO] DbMcus:187 - Set 1 / 1 favorites MCUs
2023-07-12 13:23:29,357 [INFO] DbMcusDocs:79 - Found 682 MCUs documents
2023-07-12 13:23:29,358 [INFO] ApiDb:276 - Save user favorites file C:\Users\Minh Tuan/.stm32cubeide/favorites.mcus.txt: 1 item(s)
2023-07-12 13:23:29,359 [INFO] ApiDb:280 - User favorites MCUs=[STM32F103C6Ux]
2023-07-12 13:23:29,359 [INFO] DbMcusXml:100 - Load MCU database from C:\ST\STM32CubeIDE_1.7.0\STM32CubeIDE\plugins\com.st.stm32cube.common.mx_6.3.0.202107141111\\db\/mcu/families.xml
2023-07-12 13:23:29,857 [INFO] DbMcusJson:93 - JSON generation date=Tue Nov 16 23:17:54 ICT 2021 (1637079474)
2023-07-12 13:23:30,359 [INFO] DbMcus:175 - Found 1951 MCUs (1903 are supported by CubeMX, 1914 are visible in CubeMX)
2023-07-12 13:23:30,360 [INFO] ApiDb:251 - Load user favorites file C:\Users\Minh Tuan/.stm32cubeide/favorites.mcus.txt: 1 item(s)
2023-07-12 13:23:30,360 [INFO] ApiDb:255 - User favorites MCUs=[STM32F103C6Ux]
2023-07-12 13:23:30,360 [INFO] DbMcus:187 - Set 1 / 1 favorites MCUs
2023-07-12 13:23:30,365 [INFO] DbBoardsDocs:143 - JSON generation date=Tue Nov 16 23:17:54 ICT 2021 (1637079474)
2023-07-12 13:23:30,380 [INFO] DbBoardsPdsc:90 - Found 25 items
2023-07-12 13:23:30,387 [INFO] DbBoardsPdsc:90 - Found 9 items
2023-07-12 13:23:30,397 [INFO] DbBoardsPdsc:90 - Found 33 items
2023-07-12 13:23:30,404 [INFO] DbBoardsPdsc:90 - Found 1 items
2023-07-12 13:23:30,415 [INFO] DbBoardsPdsc:90 - Found 48 items
2023-07-12 13:23:30,428 [INFO] DbBoardsPdsc:90 - Found 43 items
2023-07-12 13:23:30,435 [INFO] DbBoardsPdsc:90 - Found 2 items
2023-07-12 13:23:30,443 [INFO] DbBoardsPdsc:90 - Found 5 items
2023-07-12 13:23:30,446 [WARN] DbBoardsPdsc:254 - Board STM32H7B3I-DK: unknown feature type=Audio, name=, username=Audio stereo codec with Headphone Amp (CS42L51-CNZ), n=1
2023-07-12 13:23:30,447 [WARN] DbBoardsPdsc:254 - Board STM32H735G-DK: unknown feature type=Audio, name=, username=Audio stereo codec with Headphone Amp (WM8994ECS/R), n=1
2023-07-12 13:23:30,448 [WARN] DbBoardsPdsc:254 - Board STM32H7B3I-EVAL: unknown feature type=Audio, name=, username=Multi-Channel Audio Codec (CS42L51-CNZ), n=1
2023-07-12 13:23:30,448 [WARN] DbBoardsPdsc:254 - Board STM32H7B3I-EVAL: unknown feature type=Meter, name=, username=Power-metering and Temperature-monitoring with sigma-delta modulators, n=1
2023-07-12 13:23:30,448 [WARN] DbBoardsPdsc:254 - Board STM32H7B3I-EVAL: unknown feature type=Motor, name=, username=Motor Control, n=1
2023-07-12 13:23:30,448 [WARN] DbBoardsPdsc:254 - Board STM32U575I-EV: unknown feature type=joystick, name=, username=4-direction joystick with selection button, n=1
2023-07-12 13:23:30,466 [INFO] DbBoardsJson:86 - JSON generation date=Tue Nov 16 23:17:54 ICT 2021 (1637079474)
2023-07-12 13:23:30,472 [INFO] DbBoards:117 - Found 167 boards (163 are supported by CubeMX)
2023-07-12 13:23:30,473 [INFO] DbBoardsDocs:143 - JSON generation date=Tue Nov 16 23:17:54 ICT 2021 (1637079474)
2023-07-12 13:23:30,476 [INFO] DbBoardsDocs:79 - Found 209 boards documents
2023-07-12 13:23:30,477 [WARN] DbBoards:127 - board B-L475E-IOT01A2 has no document id list !
2023-07-12 13:23:30,478 [WARN] DbBoards:127 - board NUCLEO-H743ZI has no document id list !
2023-07-12 13:23:30,478 [WARN] DbBoards:127 - board NUCLEO-WL55JC2 has no document id list !
2023-07-12 13:23:30,479 [WARN] DbBoards:127 - board P-NUCLEO-WB55-Nucleo has no document id list !
2023-07-12 13:23:30,479 [WARN] DbBoards:127 - board P-NUCLEO-WB55-USBDongle has no document id list !
2023-07-12 13:23:30,479 [WARN] DbBoards:127 - board STEVAL-BFA001V1B has no document id list !
2023-07-12 13:23:30,479 [WARN] DbBoards:127 - board STEVAL-BFA001V2B has no document id list !
2023-07-12 13:23:30,479 [WARN] DbBoards:127 - board STEVAL-IDP005V1 has no document id list !
2023-07-12 13:23:30,479 [WARN] DbBoards:127 - board STEVAL-IDP005V2 has no document id list !
2023-07-12 13:23:30,479 [WARN] DbBoards:127 - board STEVAL-MKSBOX1V1 has no document id list !
2023-07-12 13:23:30,479 [WARN] DbBoards:127 - board STEVAL-STWINKT1 has no document id list !
2023-07-12 13:23:30,479 [WARN] DbBoards:127 - board STEVAL-STWINKT1B has no document id list !
2023-07-12 13:23:30,479 [WARN] DbBoards:127 - board STM32439I-EVAL2 has no document id list !
2023-07-12 13:23:30,479 [WARN] DbBoards:127 - board STM32F401C-DISCO has no document id list !
2023-07-12 13:23:30,480 [WARN] DbBoards:127 - board STM32F769I-DISC1 has no document id list !
2023-07-12 13:23:30,480 [WARN] DbBoards:127 - board STM32G474E-EVAL1 has no document id list !
2023-07-12 13:23:30,485 [WARN] DbBoards:127 - board STM32H743I-EVAL2 has no document id list !
2023-07-12 13:23:30,485 [WARN] DbBoards:127 - board STM32H747I-DISC1 has no document id list !
2023-07-12 13:23:30,485 [WARN] DbBoards:127 - board STM32H753I-EVAL2 has no document id list !
2023-07-12 13:23:30,485 [WARN] DbBoards:127 - board STM32L-DISCOVERY has no document id list !
2023-07-12 13:23:30,577 [ERROR] DbBoards:189 - Image file not found for board B-U585I-IOT02A: C:\ST\STM32CubeIDE_1.7.0\STM32CubeIDE\plugins\com.st.stm32cube.common.mx_6.3.0.202107141111\\db\/plugins/mcufinder/images/boards/B-U585I-IOT02A_small.jpg
2023-07-12 13:23:30,648 [ERROR] DbBoards:189 - Image file not found for board NUCLEO-F413ZH: C:\ST\STM32CubeIDE_1.7.0\STM32CubeIDE\plugins\com.st.stm32cube.common.mx_6.3.0.202107141111\\db\/plugins/mcufinder/images/boards/nucleo-f413zh_small.jpg
2023-07-12 13:23:30,784 [ERROR] DbBoards:189 - Image file not found for board NUCLEO-L552ZE-Q: C:\ST\STM32CubeIDE_1.7.0\STM32CubeIDE\plugins\com.st.stm32cube.common.mx_6.3.0.202107141111\\db\/plugins/mcufinder/images/boards/nucleo_l552ze_q_small.jpg
2023-07-12 13:23:30,784 [ERROR] DbBoards:189 - Image file not found for board NUCLEO-U575ZI-Q: C:\ST\STM32CubeIDE_1.7.0\STM32CubeIDE\plugins\com.st.stm32cube.common.mx_6.3.0.202107141111\\db\/plugins/mcufinder/images/boards/nucleo-u575zi-q_small.jpg
2023-07-12 13:23:30,784 [ERROR] DbBoards:189 - Image file not found for board NUCLEO-WB15CC: C:\ST\STM32CubeIDE_1.7.0\STM32CubeIDE\plugins\com.st.stm32cube.common.mx_6.3.0.202107141111\\db\/plugins/mcufinder/images/boards/nucleo-wb15cc_small.jpg
2023-07-12 13:23:30,784 [ERROR] DbBoards:189 - Image file not found for board NUCLEO-WB55RG: C:\ST\STM32CubeIDE_1.7.0\STM32CubeIDE\plugins\com.st.stm32cube.common.mx_6.3.0.202107141111\\db\/plugins/mcufinder/images/boards/nucleo-wb55rg_small.jpg
2023-07-12 13:23:31,011 [ERROR] Engine:463 - C:\Users\Minh Tuan\.stm32cubemx\thirdparties\pdsc\STMicroelectronics.X-CUBE-SMBUS.2.1.0.pdsc: PDSC version is not supported
2023-07-12 13:23:31,061 [WARN] PackLoader:238 - Cannot read IP mode file for STMicroelectronics.X-CUBE-AZRTOS-F7.1.1.0
2023-07-12 13:23:31,073 [ERROR] Engine:463 - C:\Users\Minh Tuan\.stm32cubemx\thirdparties\pdsc\STMicroelectronics.FP-SNS-MOTENV1.4.3.2.pdsc: PDSC version is not supported
2023-07-12 13:23:31,080 [ERROR] Engine:463 - C:\Users\Minh Tuan\.stm32cubemx\thirdparties\pdsc\STMicroelectronics.FP-SNS-MOTENV1.4.3.1.pdsc: PDSC version is not supported
2023-07-12 13:23:31,086 [ERROR] Engine:463 - C:\Users\Minh Tuan\.stm32cubemx\thirdparties\pdsc\STMicroelectronics.FP-SNS-FLIGHT1.5.0.1.pdsc: PDSC version is not supported
2023-07-12 13:23:31,097 [WARN] PackLoader:238 - Cannot read IP mode file for STMicroelectronics.X-CUBE-BLE1.6.2.4
2023-07-12 13:23:31,106 [ERROR] Engine:463 - C:\Users\Minh Tuan\.stm32cubemx\thirdparties\pdsc\STMicroelectronics.X-CUBE-DISPLAY.3.0.0.pdsc: PDSC version is not supported
2023-07-12 13:23:31,115 [WARN] PackLoader:238 - Cannot read IP mode file for STMicroelectronics.X-CUBE-TOUCHGFX.4.22.0
2023-07-12 13:23:31,130 [INFO] LogOutputStream:76 - [STDOUT_REDIRECT] 1 : Invalid condition id : UX_CORESTACK_Condition cause : null
2023-07-12 13:23:31,131 [INFO] LogOutputStream:76 - [STDOUT_REDIRECT] 1 : Invalid condition id : UX_CORESTACK_Condition cause : null
2023-07-12 13:23:31,132 [INFO] LogOutputStream:76 - [STDOUT_REDIRECT] 1 : Invalid condition id : UX_CORESTACK_Condition cause : null
2023-07-12 13:23:31,133 [INFO] LogOutputStream:76 - [STDOUT_REDIRECT] 1 : Invalid condition id : UX_CORESTACK_Condition cause : null
2023-07-12 13:23:31,133 [INFO] LogOutputStream:76 - [STDOUT_REDIRECT] 1 : Invalid condition id : UX_CORESTACK_Condition cause : null
2023-07-12 13:23:31,136 [WARN] PackLoader:238 - Cannot read IP mode file for STMicroelectronics.X-CUBE-AZRTOS-WL.2.0.0
2023-07-12 13:23:31,148 [WARN] PackLoader:238 - Cannot read IP mode file for WES.I-CUBE-Cesium.1.3.0
2023-07-12 13:23:31,157 [WARN] PackLoader:238 - Cannot read IP mode file for STMicroelectronics.X-CUBE-BLE2.3.3.0
2023-07-12 13:23:31,165 [WARN] PackLoader:238 - Cannot read IP mode file for STMicroelectronics.X-CUBE-TOUCHGFX.4.21.4
2023-07-12 13:23:31,175 [WARN] PackLoader:238 - Cannot read IP mode file for STMicroelectronics.X-CUBE-ALGOBUILD.1.3.0
2023-07-12 13:23:31,196 [WARN] PackLoader:238 - Cannot read IP mode file for STMicroelectronics.X-CUBE-AZRTOS-G0.1.1.0
2023-07-12 13:23:31,208 [WARN] PackLoader:238 - Cannot read IP mode file for STMicroelectronics.X-CUBE-NFC4.3.0.0
2023-07-12 13:23:31,217 [WARN] PackLoader:238 - Cannot read IP mode file for STMicroelectronics.FP-ATR-SIGFOX1.3.2.0
2023-07-12 13:23:31,255 [WARN] PackLoader:238 - Cannot read IP mode file for SEGGER.I-CUBE-embOS.1.3.1
2023-07-12 13:23:31,300 [WARN] PackLoader:238 - Cannot read IP mode file for STMicroelectronics.X-CUBE-GNSS1.6.0.0
2023-07-12 13:23:31,334 [WARN] PackLoader:238 - Cannot read IP mode file for STMicroelectronics.X-CUBE-AZRTOS-F4.1.1.0
2023-07-12 13:23:31,348 [WARN] PackLoader:238 - Cannot read IP mode file for wolfSSL.I-CUBE-wolfSSL.5.6.0
2023-07-12 13:23:31,398 [WARN] PackLoader:238 - Cannot read IP mode file for STMicroelectronics.X-CUBE-MEMS1.9.6.0
2023-07-12 13:23:31,589 [ERROR] Engine:463 - C:\Users\Minh Tuan\.stm32cubemx\thirdparties\pdsc\emotas.I-CUBE-CANOPEN.1.1.3.pdsc: PDSC version is not supported
2023-07-12 13:23:31,606 [WARN] PackLoader:238 - Cannot read IP mode file for STMicroelectronics.X-CUBE-BLEMGR.2.0.0
2023-07-12 13:23:31,650 [WARN] ConditionMgr:437 - getConditionDescription Invalid condition id : UX DEVICE CLASS RTOS Condition cause : null
2023-07-12 13:23:31,650 [WARN] ConditionMgr:437 - getConditionDescription Invalid condition id : UX DEVICE CLASS RTOS Condition cause : null
2023-07-12 13:23:31,654 [WARN] PackLoader:238 - Cannot read IP mode file for STMicroelectronics.X-CUBE-AZRTOS-H7.3.1.0
2023-07-12 13:23:31,655 [WARN] ConditionMgr:1038 - genDependencies : Invalid condition id : UX DEVICE CLASS RTOS Condition cause : null
2023-07-12 13:23:31,655 [WARN] ConditionMgr:1038 - genDependencies : Invalid condition id : UX DEVICE CLASS RTOS Condition cause : null
2023-07-12 13:23:31,656 [WARN] ConditionMgr:1038 - genDependencies : Invalid condition id : UX DEVICE CLASS RTOS Condition cause : null
2023-07-12 13:23:31,656 [WARN] ConditionMgr:1038 - genDependencies : Invalid condition id : UX DEVICE CLASS RTOS Condition cause : null
2023-07-12 13:23:31,656 [WARN] ConditionMgr:1038 - genDependencies : Invalid condition id : UX DEVICE CLASS RTOS Condition cause : null
2023-07-12 13:23:31,668 [WARN] PackLoader:238 - Cannot read IP mode file for STMicroelectronics.X-CUBE-NFC7.1.0.1
2023-07-12 13:23:31,678 [WARN] PackLoader:238 - Cannot read IP mode file for STMicroelectronics.X-CUBE-EEPRMA1.4.1.0
2023-07-12 13:23:31,701 [WARN] ConditionMgr:437 - getConditionDescription Invalid condition id : LAN8742 Phy interface Condition cause : null
2023-07-12 13:23:31,702 [WARN] PackLoader:238 - Cannot read IP mode file for STMicroelectronics.X-CUBE-AZRTOS-L4.2.0.0
2023-07-12 13:23:31,703 [WARN] ConditionMgr:1038 - genDependencies : Invalid condition id : LAN8742 Phy interface Condition cause : null
2023-07-12 13:23:31,703 [WARN] ConditionMgr:1038 - genDependencies : Invalid condition id : LAN8742 Phy interface Condition cause : null
2023-07-12 13:23:31,704 [WARN] ConditionMgr:1038 - genDependencies : Invalid condition id : LAN8742 Phy interface Condition cause : null
2023-07-12 13:23:31,714 [WARN] PackLoader:238 - Cannot read IP mode file for STMicroelectronics.X-CUBE-SFXS2LP1.4.0.0
2023-07-12 13:23:31,723 [WARN] PackLoader:238 - Cannot read IP mode file for STMicroelectronics.X-CUBE-ISPU.1.1.0
2023-07-12 13:23:31,731 [ERROR] Engine:463 - C:\Users\Minh Tuan\.stm32cubemx\thirdparties\pdsc\STMicroelectronics.X-CUBE-FREERTOS.1.0.1.pdsc: PDSC version is not supported
2023-07-12 13:23:31,749 [WARN] PackLoader:238 - Cannot read IP mode file for STMicroelectronics.X-CUBE-AZRTOS-L5.1.1.0
2023-07-12 13:23:31,756 [INFO] ApiDb:251 - Load user favorites file C:\Users\Minh Tuan/.stm32cubeide/favorites.boards.txt: 0 item(s)
2023-07-12 13:23:31,756 [INFO] ApiDb:255 - User favorites Boards=[]
2023-07-12 13:23:31,756 [INFO] DbBoards:206 - Set 0 / 0 favorites Boards
2023-07-12 13:23:31,758 [INFO] DbBoardsDocs:79 - Found 418 boards documents
2023-07-12 13:23:31,759 [INFO] ApiDb:276 - Save user favorites file C:\Users\Minh Tuan/.stm32cubeide/favorites.boards.txt: 0 item(s)
2023-07-12 13:23:31,759 [INFO] ApiDb:280 - User favorites Boards=[]
2023-07-12 13:23:31,760 [WARN] PackLoader:238 - Cannot read IP mode file for STMicroelectronics.X-CUBE-AI.8.0.1
2023-07-12 13:23:31,762 [INFO] DbBoardsPdsc:90 - Found 25 items
2023-07-12 13:23:31,763 [INFO] DbBoardsPdsc:90 - Found 9 items
2023-07-12 13:23:31,764 [INFO] DbBoardsPdsc:90 - Found 33 items
2023-07-12 13:23:31,765 [INFO] DbBoardsPdsc:90 - Found 1 items
2023-07-12 13:23:31,768 [INFO] DbBoardsPdsc:90 - Found 48 items
2023-07-12 13:23:31,772 [INFO] DbBoardsPdsc:90 - Found 43 items
2023-07-12 13:23:31,773 [WARN] PackLoader:238 - Cannot read IP mode file for STMicroelectronics.X-CUBE-SUBG2.5.0.0
2023-07-12 13:23:31,773 [INFO] DbBoardsPdsc:90 - Found 2 items
2023-07-12 13:23:31,774 [INFO] DbBoardsPdsc:90 - Found 5 items
2023-07-12 13:23:31,776 [WARN] DbBoardsPdsc:254 - Board STM32H7B3I-DK: unknown feature type=Audio, name=, username=Audio stereo codec with Headphone Amp (CS42L51-CNZ), n=1
2023-07-12 13:23:31,776 [WARN] DbBoardsPdsc:254 - Board STM32H735G-DK: unknown feature type=Audio, name=, username=Audio stereo codec with Headphone Amp (WM8994ECS/R), n=1
2023-07-12 13:23:31,777 [WARN] DbBoardsPdsc:254 - Board STM32H7B3I-EVAL: unknown feature type=Audio, name=, username=Multi-Channel Audio Codec (CS42L51-CNZ), n=1
2023-07-12 13:23:31,777 [WARN] DbBoardsPdsc:254 - Board STM32H7B3I-EVAL: unknown feature type=Meter, name=, username=Power-metering and Temperature-monitoring with sigma-delta modulators, n=1
2023-07-12 13:23:31,777 [WARN] DbBoardsPdsc:254 - Board STM32H7B3I-EVAL: unknown feature type=Motor, name=, username=Motor Control, n=1
2023-07-12 13:23:31,778 [WARN] DbBoardsPdsc:254 - Board STM32U575I-EV: unknown feature type=joystick, name=, username=4-direction joystick with selection button, n=1
2023-07-12 13:23:31,789 [INFO] DbBoardsJson:86 - JSON generation date=Tue Nov 16 23:17:54 ICT 2021 (1637079474)
2023-07-12 13:23:31,793 [INFO] DbBoards:117 - Found 167 boards (163 are supported by CubeMX)
2023-07-12 13:23:31,793 [WARN] DbBoards:127 - board B-L475E-IOT01A2 has no document id list !
2023-07-12 13:23:31,794 [WARN] DbBoards:127 - board NUCLEO-H743ZI has no document id list !
2023-07-12 13:23:31,794 [WARN] DbBoards:127 - board NUCLEO-WL55JC2 has no document id list !
2023-07-12 13:23:31,794 [WARN] DbBoards:127 - board P-NUCLEO-WB55-Nucleo has no document id list !
2023-07-12 13:23:31,794 [WARN] DbBoards:127 - board P-NUCLEO-WB55-USBDongle has no document id list !
2023-07-12 13:23:31,794 [WARN] DbBoards:127 - board STEVAL-BFA001V1B has no document id list !
2023-07-12 13:23:31,794 [WARN] DbBoards:127 - board STEVAL-BFA001V2B has no document id list !
2023-07-12 13:23:31,794 [WARN] DbBoards:127 - board STEVAL-IDP005V1 has no document id list !
2023-07-12 13:23:31,794 [WARN] DbBoards:127 - board STEVAL-IDP005V2 has no document id list !
2023-07-12 13:23:31,794 [WARN] DbBoards:127 - board STEVAL-MKSBOX1V1 has no document id list !
2023-07-12 13:23:31,794 [WARN] DbBoards:127 - board STEVAL-STWINKT1 has no document id list !
2023-07-12 13:23:31,794 [WARN] DbBoards:127 - board STEVAL-STWINKT1B has no document id list !
2023-07-12 13:23:31,794 [WARN] DbBoards:127 - board STM32439I-EVAL2 has no document id list !
2023-07-12 13:23:31,795 [WARN] DbBoards:127 - board STM32F401C-DISCO has no document id list !
2023-07-12 13:23:31,795 [WARN] DbBoards:127 - board STM32F769I-DISC1 has no document id list !
2023-07-12 13:23:31,795 [WARN] DbBoards:127 - board STM32G474E-EVAL1 has no document id list !
2023-07-12 13:23:31,795 [WARN] DbBoards:127 - board STM32H743I-EVAL2 has no document id list !
2023-07-12 13:23:31,795 [WARN] DbBoards:127 - board STM32H747I-DISC1 has no document id list !
2023-07-12 13:23:31,795 [WARN] DbBoards:127 - board STM32H753I-EVAL2 has no document id list !
2023-07-12 13:23:31,795 [WARN] DbBoards:127 - board STM32L-DISCOVERY has no document id list !
2023-07-12 13:23:31,796 [WARN] PackLoader:238 - Cannot read IP mode file for STMicroelectronics.X-CUBE-AZRTOS-G4.2.0.0
2023-07-12 13:23:31,812 [WARN] PackLoader:238 - Cannot read IP mode file for STMicroelectronics.X-CUBE-TOF1.3.3.0
2023-07-12 13:23:31,828 [WARN] PackLoader:238 - Cannot read IP mode file for portGmbH.I-Cube-SoM-uGOAL.1.1.0
2023-07-12 13:23:31,836 [WARN] PackLoader:238 - Cannot read IP mode file for STMicroelectronics.X-CUBE-ALS.1.0.1
2023-07-12 13:23:31,853 [ERROR] DbBoards:189 - Image file not found for board B-U585I-IOT02A: C:\ST\STM32CubeIDE_1.7.0\STM32CubeIDE\plugins\com.st.stm32cube.common.mx_6.3.0.202107141111\\db\/plugins/mcufinder/images/boards/B-U585I-IOT02A_small.jpg
2023-07-12 13:23:31,853 [WARN] PackLoader:238 - Cannot read IP mode file for STMicroelectronics.X-CUBE-AZRTOS-WB.1.1.0
2023-07-12 13:23:31,862 [WARN] PackLoader:238 - Cannot read IP mode file for STMicroelectronics.FP-ATR-ASTRA1.2.0.0
2023-07-12 13:23:31,863 [INFO] ThirdParty:915 - Integrity check success = true
2023-07-12 13:23:31,863 [INFO] IntegrityCheckThread:94 - exiting critical section [integrity check]
2023-07-12 13:23:31,863 [INFO] IntegrityCheckThread:97 - End integrity checks thread
2023-07-12 13:23:31,911 [ERROR] DbBoards:189 - Image file not found for board NUCLEO-F413ZH: C:\ST\STM32CubeIDE_1.7.0\STM32CubeIDE\plugins\com.st.stm32cube.common.mx_6.3.0.202107141111\\db\/plugins/mcufinder/images/boards/nucleo-f413zh_small.jpg
2023-07-12 13:23:32,038 [ERROR] DbBoards:189 - Image file not found for board NUCLEO-L552ZE-Q: C:\ST\STM32CubeIDE_1.7.0\STM32CubeIDE\plugins\com.st.stm32cube.common.mx_6.3.0.202107141111\\db\/plugins/mcufinder/images/boards/nucleo_l552ze_q_small.jpg
2023-07-12 13:23:32,038 [ERROR] DbBoards:189 - Image file not found for board NUCLEO-U575ZI-Q: C:\ST\STM32CubeIDE_1.7.0\STM32CubeIDE\plugins\com.st.stm32cube.common.mx_6.3.0.202107141111\\db\/plugins/mcufinder/images/boards/nucleo-u575zi-q_small.jpg
2023-07-12 13:23:32,038 [ERROR] DbBoards:189 - Image file not found for board NUCLEO-WB15CC: C:\ST\STM32CubeIDE_1.7.0\STM32CubeIDE\plugins\com.st.stm32cube.common.mx_6.3.0.202107141111\\db\/plugins/mcufinder/images/boards/nucleo-wb15cc_small.jpg
2023-07-12 13:23:32,038 [ERROR] DbBoards:189 - Image file not found for board NUCLEO-WB55RG: C:\ST\STM32CubeIDE_1.7.0\STM32CubeIDE\plugins\com.st.stm32cube.common.mx_6.3.0.202107141111\\db\/plugins/mcufinder/images/boards/nucleo-wb55rg_small.jpg
2023-07-12 13:23:32,553 [INFO] ApiDb:251 - Load user favorites file C:\Users\Minh Tuan/.stm32cubeide/favorites.boards.txt: 0 item(s)
2023-07-12 13:23:32,554 [INFO] ApiDb:255 - User favorites Boards=[]
2023-07-12 13:23:32,554 [INFO] DbBoards:206 - Set 0 / 0 favorites Boards
2023-07-12 13:23:32,560 [INFO] LoadUrlFilesThread:172 - End of LoadServerUrlFiles without Thread
2023-07-12 13:23:32,560 [INFO] TargetSelectorAdapter:224 - Refresh data is successful
2023-07-12 13:23:32,684 [INFO] ApiDb:479 - Connected to CubeFinder SQLite database (C:\Users\Minh Tuan\.stmcufinder\plugins\mcufinder\mcu\cube-finder-db.db)
2023-07-12 13:23:33,210 [INFO] DbExamplesSqlite:411 - Ignored 27 examples not supported by CubeIDE
2023-07-12 13:23:33,211 [INFO] DbExamplesSqlite:412 - Found 7164 examples active
2023-07-12 13:23:33,211 [INFO] DbExamplesSqlite:413 - Found 677 examples obsolete
2023-07-12 13:23:33,211 [INFO] DbExamplesSqlite:414 - Found 0 examples under development
2023-07-12 13:23:33,211 [INFO] DbExamplesSqlite:415 - Found 74 examples not building
2023-07-12 13:23:33,249 [INFO] DbExamplesSqlite:108 - CubeFinder database Data Model version=2.1
2023-07-12 13:23:33,249 [INFO] DbExamplesSqlite:109 - CubeFinder database Configuration version=3.0.37
2023-07-12 13:23:33,249 [INFO] DbExamplesSqlite:110 - CubeFinder database generation date=2023-06-26 (1687786131)
2023-07-12 13:23:33,249 [INFO] DbExamplesSqlite:111 - CubeFinder database FW Pack versions=[FP-ATR-ASTRA1_V2.0.0, FP-SNS-FLIGHT1_V5.0.1, FP-SNS-MOTENV1_V4.3.1, STM32Cube_FW_C0_V1.1.0, STM32Cube_FW_F4_V1.27.1, STM32Cube_FW_F7_V1.17.0, STM32Cube_FW_G0_V1.6.1, STM32Cube_FW_G4_V1.5.1, STM32Cube_FW_H5_V0.5.1, STM32Cube_FW_H5_V1.1.0, STM32Cube_FW_H7_V1.11.0, STM32Cube_FW_L0_V1.12.2, STM32Cube_FW_L5_V1.5.0, STM32Cube_FW_U5_V1.3.0, STM32Cube_FW_U5_V1.3.0RC4, STM32Cube_FW_WBA_V1.0.0RC1, STM32Cube_FW_WBA_V1.1.0, STM32Cube_FW_WBA_V1.1.0RC1, STM32Cube_FW_WB_V1.15.0RC1, STM32Cube_FW_WB_V1.16.0, STM32Cube_FW_WB_V1.16.0RC2, STM32Cube_FW_WB_V1.17.0, STM32Cube_FW_WL_V1.3.0, X-CUBE-ALGOBUILD_V1.3.0, X-CUBE-ALS_V1.0.1, X-CUBE-AZRTOS-F4_V1.1.0, X-CUBE-AZRTOS-F7_V1.1.0, X-CUBE-AZRTOS-G0_V1.1.0, X-CUBE-AZRTOS-G4_V2.0.0, X-CUBE-AZRTOS-H7_V3.1.0, X-CUBE-AZRTOS-L4_V1.0.0, X-CUBE-AZRTOS-L4_V2.0.0, X-CUBE-AZRTOS-L5_V1.1.0, X-CUBE-AZRTOS-WB_V1.1.0, X-CUBE-AZRTOS-WL_V2.0.0, X-CUBE-BLE1_V6.2.4, X-CUBE-BLE2_V3.3.0, X-CUBE-BLEMGR_V2.0.0, X-CUBE-EEPRMA1_V4.1.0, X-CUBE-FREERTOS_V1.0.1, X-CUBE-GNSS1_V6.0.0, X-CUBE-MEMS1_V9.1.0, X-CUBE-MEMS1_V9.4.0, X-CUBE-MEMS1_V9.6.0, X-CUBE-NFC4_V3.0.0, X-CUBE-NFC7_V1.0.0, X-CUBE-SFXS2LP1_V4.0.0, X-CUBE-SUBG2_V5.0.0]
2023-07-12 13:23:33,250 [INFO] DbExamples:130 - Found 7211 examples
2023-07-12 13:23:33,607 [ERROR] DbExamples:206 - Found 7211 examples with invalid data (board or MCU)
2023-07-12 13:23:33,607 [INFO] DbExamples:222 - Found 79 boards with related examples
2023-07-12 13:23:33,607 [INFO] DbExamples:235 - Found 0 MCUs with related examples
2023-07-12 13:23:33,622 [INFO] ApiDb:242 - User favorites file not found: C:\Users\Minh Tuan/.stm32cubeide/favorites.examples.txt
2023-07-12 13:23:33,622 [INFO] DbExamples:256 - Set 0 / 0 favorites Examples
2023-07-12 13:23:33,833 [INFO] McuFinderGlobals:52 - Set McuFinderConnectedMode to false
2023-07-12 13:23:33,906 [INFO] CrossSelectorPresenter:1330 - Cross Selector saved comparison directory: C:\Users\Minh Tuan\.stmcufinder\plugins\mcufinder\mcu\cs_comparisons_mx
2023-07-12 13:23:33,911 [INFO] MultiScanPanel:197 - Auto-refresh data requested => check proxy status ongoing
2023-07-12 13:23:33,911 [INFO] MultiScanPanel:201 - Proxy status is invalid
2023-07-12 13:23:33,915 [INFO] FinderPluginLoader:87 - Searching for filters in installed packs
2023-07-12 13:23:34,242 [INFO] DetailPanel:309 - Set advertising image to C:/Users/Minh Tuan/STM32Cube/Repository/\en.prom-stm32h5-mcu-finder.jpg
2023-07-12 13:23:53,399 [INFO] MainUpdater:2671 - connection check result : 10
2023-07-12 13:23:53,400 [INFO] MainUpdater:2671 - connection check result : 10
2023-07-12 13:23:53,439 [INFO] MicroXplorer:448 - Change Database Path : 
2023-07-12 13:23:53,440 [INFO] MicroXplorer:478 - Change Database Version : DB.6.0.30
2023-07-12 13:23:53,440 [WARN] ThirdParty:813 - waiting for thirdparty lock release [close project]
2023-07-12 13:23:53,440 [INFO] ThirdParty:815 - entering critical section [close project]
2023-07-12 13:23:53,441 [INFO] ThirdParty:825 - exiting critical section [close project]
2023-07-12 13:23:53,443 [INFO] PinOutPanel:1463 - setPackage(No Configuration,No Configuration)
2023-07-12 13:23:53,444 [INFO] UtilMem:74 - Begin LoadConfig() Used Memory: 565716272 Bytes (586153984)
2023-07-12 13:23:53,445 [INFO] MicroXplorer:448 - Change Database Path : 
2023-07-12 13:23:53,445 [INFO] MicroXplorer:478 - Change Database Version : DB.6.0.30
2023-07-12 13:23:53,445 [INFO] OpenFileManager:313 - Change cursor
2023-07-12 13:23:54,248 [INFO] Context:592 - Trying to add GPIOservice into a context  which must be forbidden
2023-07-12 13:23:54,408 [INFO] ImportTextPane:167 - (OptionalMessage_ERROR) Unable to find key (Mcu.ThirdPartyNb) in loaded IOC file
2023-07-12 13:23:54,409 [INFO] ImportTextPane:167 - (OptionalMessage_ERROR) Unable to find key (Mcu.PinsNb) in loaded IOC file
2023-07-12 13:23:54,409 [INFO] ImportTextPane:167 - (OptionalMessage_ERROR) Unable to find key (Mcu.IPNb) in loaded IOC file
2023-07-12 13:23:54,444 [WARN] ApiManager:304 - Cannot register API 'Board Extension:GNSS1A1' from pack STMicroelectronics.X-CUBE-GNSS1.6.0.0: no header file found
2023-07-12 13:23:54,444 [WARN] ApiManager:304 - Cannot register API 'Board Support:Custom' from pack STMicroelectronics.X-CUBE-GNSS1.6.0.0: no header file found
2023-07-12 13:23:54,445 [WARN] ApiManager:304 - Cannot register API 'Data Exchange:lib_gnss' from pack STMicroelectronics.X-CUBE-GNSS1.6.0.0: no header file found
2023-07-12 13:23:54,449 [WARN] ModelIntegratedComponent:60 - No mode defined for component null
2023-07-12 13:23:54,450 [WARN] ModelIntegratedComponent:60 - No mode defined for component null
2023-07-12 13:23:54,450 [WARN] ModelIntegratedComponent:60 - No mode defined for component null
2023-07-12 13:23:54,450 [WARN] ModelIntegratedComponent:60 - No mode defined for component null
2023-07-12 13:23:54,450 [WARN] ModelIntegratedComponent:60 - No mode defined for component null
2023-07-12 13:23:54,450 [WARN] ModelIntegratedComponent:60 - No mode defined for component null
2023-07-12 13:23:54,450 [WARN] ModelIntegratedComponent:60 - No mode defined for component null
2023-07-12 13:23:54,450 [WARN] ModelIntegratedComponent:60 - No mode defined for component null
2023-07-12 13:23:54,450 [WARN] ModelIntegratedComponent:60 - No mode defined for component null
2023-07-12 13:23:54,450 [WARN] ModelIntegratedComponent:60 - No mode defined for component null
2023-07-12 13:23:54,450 [WARN] ModelIntegratedComponent:60 - No mode defined for component null
2023-07-12 13:23:54,450 [WARN] ModelIntegratedComponent:60 - No mode defined for component null
2023-07-12 13:23:54,450 [WARN] ModelIntegratedComponent:60 - No mode defined for component null
2023-07-12 13:23:54,450 [WARN] ModelIntegratedComponent:60 - No mode defined for component null
2023-07-12 13:23:54,450 [WARN] ModelIntegratedComponent:60 - No mode defined for component null
2023-07-12 13:23:54,450 [WARN] ModelIntegratedComponent:60 - No mode defined for component null
2023-07-12 13:23:54,450 [WARN] ModelIntegratedComponent:60 - No mode defined for component null
2023-07-12 13:23:54,450 [WARN] ModelIntegratedComponent:60 - No mode defined for component null
2023-07-12 13:23:54,450 [WARN] ModelIntegratedComponent:60 - No mode defined for component null
2023-07-12 13:23:54,450 [WARN] ModelIntegratedComponent:60 - No mode defined for component null
2023-07-12 13:23:54,451 [WARN] ModelIntegratedComponent:60 - No mode defined for component null
2023-07-12 13:23:54,451 [WARN] ModelIntegratedComponent:60 - No mode defined for component null
2023-07-12 13:23:54,451 [WARN] ModelIntegratedComponent:60 - No mode defined for component null
2023-07-12 13:23:54,451 [WARN] ModelIntegratedComponent:60 - No mode defined for component null
2023-07-12 13:23:54,451 [WARN] ModelIntegratedComponent:60 - No mode defined for component null
2023-07-12 13:23:54,451 [WARN] ModelIntegratedComponent:60 - No mode defined for component null
2023-07-12 13:23:54,451 [WARN] ModelIntegratedComponent:60 - No mode defined for component null
2023-07-12 13:23:54,451 [WARN] ModelIntegratedComponent:60 - No mode defined for component null
2023-07-12 13:23:54,451 [WARN] ModelIntegratedComponent:60 - No mode defined for component null
2023-07-12 13:23:54,451 [WARN] ModelIntegratedComponent:60 - No mode defined for component null
2023-07-12 13:23:54,451 [WARN] ModelIntegratedComponent:60 - No mode defined for component null
2023-07-12 13:23:54,453 [WARN] ApiManager:304 - Cannot register API 'Board Extension:NFC07A1' from pack STMicroelectronics.X-CUBE-NFC7.1.0.1: no header file found
2023-07-12 13:23:54,455 [WARN] ApiManager:304 - Cannot register API 'Board Extension:EEPRMA1' from pack STMicroelectronics.X-CUBE-EEPRMA1.4.1.0: no header file found
2023-07-12 13:23:54,455 [WARN] ApiManager:304 - Cannot register API 'Board Extension:EEPRMA2' from pack STMicroelectronics.X-CUBE-EEPRMA1.4.1.0: no header file found
2023-07-12 13:23:54,455 [WARN] ApiManager:304 - Cannot register API 'Board Extension:PGEEZ1' from pack STMicroelectronics.X-CUBE-EEPRMA1.4.1.0: no header file found
2023-07-12 13:23:54,455 [WARN] ApiManager:304 - Cannot register API 'Board Part:M24' from pack STMicroelectronics.X-CUBE-EEPRMA1.4.1.0: no header file found
2023-07-12 13:23:54,455 [WARN] ApiManager:304 - Cannot register API 'Board Part:M95' from pack STMicroelectronics.X-CUBE-EEPRMA1.4.1.0: no header file found
2023-07-12 13:23:54,455 [WARN] ApiManager:304 - Cannot register API 'Board Part:M95P32' from pack STMicroelectronics.X-CUBE-EEPRMA1.4.1.0: no header file found
2023-07-12 13:23:54,455 [WARN] ApiManager:304 - Cannot register API 'PGEEZ1:SPI' from pack STMicroelectronics.X-CUBE-EEPRMA1.4.1.0: no header file found
2023-07-12 13:23:54,455 [WARN] ApiManager:304 - Cannot register API 'PGEEZ1:QDSPI' from pack STMicroelectronics.X-CUBE-EEPRMA1.4.1.0: no header file found
2023-07-12 13:23:54,625 [WARN] ApiManager:304 - Cannot register API 'Board Extension:IKS01A3' from pack STMicroelectronics.X-CUBE-MEMS1.9.6.0: no header file found
2023-07-12 13:23:54,625 [WARN] ApiManager:304 - Cannot register API 'Board Extension:IKS01A2' from pack STMicroelectronics.X-CUBE-MEMS1.9.6.0: no header file found
2023-07-12 13:23:54,625 [WARN] ApiManager:304 - Cannot register API 'Board Extension:IKS02A1' from pack STMicroelectronics.X-CUBE-MEMS1.9.6.0: no header file found
2023-07-12 13:23:54,635 [WARN] ApiManager:304 - Cannot register API 'Wireless:BlueNRG-MS' from pack STMicroelectronics.X-CUBE-BLE1.6.2.4: no header file found
2023-07-12 13:23:54,637 [INFO] RtosManager:484 - Registered RTOS mode: class=CMSIS, group=RTOS, mode=CMSIS_V1, owner=FREERTOS
2023-07-12 13:23:54,637 [INFO] RtosManager:484 - Registered RTOS mode: class=CMSIS, group=RTOS2, mode=CMSIS_V2, owner=FREERTOS
2023-07-12 13:23:54,637 [INFO] RtosManager:484 - Registered RTOS mode: class=RTOS, group=Core, mode=CMSIS_V1, owner=FREERTOS
2023-07-12 13:23:54,637 [INFO] RtosManager:484 - Registered RTOS mode: class=RTOS, group=Core, mode=CMSIS_V2, owner=FREERTOS
2023-07-12 13:23:54,637 [WARN] ModelIntegratedComponent:181 - Missing modes for component STMicroelectronics:FreeRTOS:0.0.1:STMicroelectronics:RTOS:FreeRTOS:Core:::10.2.0:
2023-07-12 13:23:54,639 [WARN] ApiManager:304 - Cannot register API 'Board Extension:NFC04A1' from pack STMicroelectronics.X-CUBE-NFC4.3.0.0: no header file found
2023-07-12 13:23:54,641 [WARN] ApiManager:304 - Cannot register API 'Board Extension:S2868A1' from pack STMicroelectronics.X-CUBE-SUBG2.5.0.0: no header file found
2023-07-12 13:23:54,641 [WARN] ApiManager:304 - Cannot register API 'Board Extension:S2868A2' from pack STMicroelectronics.X-CUBE-SUBG2.5.0.0: no header file found
2023-07-12 13:23:54,641 [WARN] ApiManager:304 - Cannot register API 'Board Extension:S2915A1' from pack STMicroelectronics.X-CUBE-SUBG2.5.0.0: no header file found
2023-07-12 13:23:54,643 [WARN] ApiManager:304 - Cannot register API 'Board Extension:S2868A1' from pack STMicroelectronics.X-CUBE-SFXS2LP1.4.0.0: no header file found
2023-07-12 13:23:54,643 [WARN] ApiManager:304 - Cannot register API 'Board Extension:S2868A2' from pack STMicroelectronics.X-CUBE-SFXS2LP1.4.0.0: no header file found
2023-07-12 13:23:54,643 [WARN] ApiManager:304 - Cannot register API 'Board Extension:S2915A1' from pack STMicroelectronics.X-CUBE-SFXS2LP1.4.0.0: no header file found
2023-07-12 13:23:54,643 [WARN] ApiManager:304 - Cannot register API 'Wireless:BlueNRG-2' from pack STMicroelectronics.X-CUBE-BLE2.3.3.0: no header file found
2023-07-12 13:23:55,806 [INFO] UtilMem:74 - End LoadConfig() Used Memory: 406521808 Bytes (607125504)
2023-07-12 13:23:55,813 [WARN] ThirdParty:779 - waiting for thirdparty lock release [change project]
2023-07-12 13:23:55,814 [INFO] ThirdParty:781 - entering critical section [change project]
2023-07-12 13:23:55,814 [INFO] ThirdParty:967 - CMSIS Pack Vendor :STMicroelectronics X-CUBE-ISPU 1.1.0
2023-07-12 13:23:55,814 [INFO] ThirdParty:967 - CMSIS Pack Vendor :STMicroelectronics X-CUBE-GNSS1 6.0.0
2023-07-12 13:23:55,814 [INFO] ThirdParty:967 - CMSIS Pack Vendor :STMicroelectronics USB_HOST 2.0.0
2023-07-12 13:23:55,814 [INFO] ThirdParty:967 - CMSIS Pack Vendor :STMicroelectronics X-CUBE-AZRTOS-F4 1.1.0
2023-07-12 13:23:55,814 [INFO] ThirdParty:967 - CMSIS Pack Vendor :STMicroelectronics FP-ATR-SIGFOX1 3.2.0
2023-07-12 13:23:55,814 [INFO] ThirdParty:967 - CMSIS Pack Vendor :wolfSSL I-CUBE-wolfSSL 5.6.0
2023-07-12 13:23:55,814 [INFO] ThirdParty:967 - CMSIS Pack Vendor :STMicroelectronics USB_DEVICE 3.0.0
2023-07-12 13:23:55,814 [INFO] ThirdParty:967 - CMSIS Pack Vendor :STMicroelectronics HAL Drivers 0.0.0
2023-07-12 13:23:55,814 [INFO] ThirdParty:967 - CMSIS Pack Vendor :STMicroelectronics MBEDTLS 2.16.2
2023-07-12 13:23:55,814 [INFO] ThirdParty:967 - CMSIS Pack Vendor :STMicroelectronics X-CUBE-TOUCHGFX 4.22.0
2023-07-12 13:23:55,814 [INFO] ThirdParty:967 - CMSIS Pack Vendor :STMicroelectronics X-CUBE-NFC7 1.0.1
2023-07-12 13:23:55,814 [INFO] ThirdParty:967 - CMSIS Pack Vendor :STMicroelectronics MBEDTLS 2.14.1
2023-07-12 13:23:55,814 [INFO] ThirdParty:967 - CMSIS Pack Vendor :STMicroelectronics X-CUBE-AZRTOS-F7 1.1.0
2023-07-12 13:23:55,814 [INFO] ThirdParty:967 - CMSIS Pack Vendor :STMicroelectronics X-CUBE-TOUCHGFX 4.21.4
2023-07-12 13:23:55,814 [INFO] ThirdParty:967 - CMSIS Pack Vendor :STMicroelectronics X-CUBE-EEPRMA1 4.1.0
2023-07-12 13:23:55,814 [INFO] ThirdParty:967 - CMSIS Pack Vendor :portGmbH I-Cube-SoM-uGOAL 1.1.0
2023-07-12 13:23:55,814 [INFO] ThirdParty:967 - CMSIS Pack Vendor :STMicroelectronics X-CUBE-ALS 1.0.1
2023-07-12 13:23:55,814 [INFO] ThirdParty:967 - CMSIS Pack Vendor :STMicroelectronics USB_DEVICE 2.0.0
2023-07-12 13:23:55,815 [INFO] ThirdParty:967 - CMSIS Pack Vendor :STMicroelectronics X-CUBE-MEMS1 9.6.0
2023-07-12 13:23:55,815 [INFO] ThirdParty:967 - CMSIS Pack Vendor :STMicroelectronics X-CUBE-AZRTOS-WB 1.1.0
2023-07-12 13:23:55,815 [INFO] ThirdParty:967 - CMSIS Pack Vendor :STMicroelectronics X-CUBE-AZRTOS-WL 2.0.0
2023-07-12 13:23:55,815 [INFO] ThirdParty:967 - CMSIS Pack Vendor :STMicroelectronics X-CUBE-ALGOBUILD 1.3.0
2023-07-12 13:23:55,815 [INFO] ThirdParty:967 - CMSIS Pack Vendor :SEGGER I-CUBE-embOS 1.3.1
2023-07-12 13:23:55,815 [INFO] ThirdParty:967 - CMSIS Pack Vendor :STMicroelectronics X-CUBE-BLE1 6.2.4
2023-07-12 13:23:55,815 [INFO] ThirdParty:967 - CMSIS Pack Vendor :STMicroelectronics X-CUBE-AZRTOS-L5 1.1.0
2023-07-12 13:23:55,815 [INFO] ThirdParty:967 - CMSIS Pack Vendor :STMicroelectronics FreeRTOS 0.0.1
2023-07-12 13:23:55,815 [INFO] ThirdParty:967 - CMSIS Pack Vendor :STMicroelectronics X-CUBE-AZRTOS-G0 1.1.0
2023-07-12 13:23:55,815 [INFO] ThirdParty:967 - CMSIS Pack Vendor :STMicroelectronics USB_DEVICE 1.0.0
2023-07-12 13:23:55,815 [INFO] ThirdParty:967 - CMSIS Pack Vendor :STMicroelectronics X-CUBE-BLEMGR 2.0.0
2023-07-12 13:23:55,815 [INFO] ThirdParty:967 - CMSIS Pack Vendor :STMicroelectronics X-CUBE-AI 8.0.1
2023-07-12 13:23:55,815 [INFO] ThirdParty:967 - CMSIS Pack Vendor :STMicroelectronics X-CUBE-NFC4 3.0.0
2023-07-12 13:23:55,815 [INFO] ThirdParty:967 - CMSIS Pack Vendor :STMicroelectronics X-CUBE-SUBG2 5.0.0
2023-07-12 13:23:55,815 [INFO] ThirdParty:967 - CMSIS Pack Vendor :STMicroelectronics X-CUBE-AZRTOS-L4 2.0.0
2023-07-12 13:23:55,815 [INFO] ThirdParty:967 - CMSIS Pack Vendor :STMicroelectronics ThreadX 0.0.2
2023-07-12 13:23:55,815 [INFO] ThirdParty:967 - CMSIS Pack Vendor :WES I-CUBE-Cesium 1.3.0
2023-07-12 13:23:55,815 [INFO] ThirdParty:967 - CMSIS Pack Vendor :STMicroelectronics FP-ATR-ASTRA1 2.0.0
2023-07-12 13:23:55,815 [INFO] ThirdParty:967 - CMSIS Pack Vendor :STMicroelectronics lwIP 2.0.3
2023-07-12 13:23:55,815 [INFO] ThirdParty:967 - CMSIS Pack Vendor :STMicroelectronics lwIP 2.1.2
2023-07-12 13:23:55,815 [INFO] ThirdParty:967 - CMSIS Pack Vendor :STMicroelectronics X-CUBE-SFXS2LP1 4.0.0
2023-07-12 13:23:55,815 [INFO] ThirdParty:967 - CMSIS Pack Vendor :STMicroelectronics X-CUBE-BLE2 3.3.0
2023-07-12 13:23:55,815 [INFO] ThirdParty:967 - CMSIS Pack Vendor :STMicroelectronics USB_HOST 1.0.0
2023-07-12 13:23:55,815 [INFO] ThirdParty:967 - CMSIS Pack Vendor :STMicroelectronics X-CUBE-AZRTOS-G4 2.0.0
2023-07-12 13:23:55,815 [INFO] ThirdParty:967 - CMSIS Pack Vendor :STMicroelectronics PDM2PCM 3.1.0
2023-07-12 13:23:55,815 [INFO] ThirdParty:967 - CMSIS Pack Vendor :STMicroelectronics X-CUBE-AZRTOS-H7 3.1.0
2023-07-12 13:23:55,815 [INFO] ThirdParty:967 - CMSIS Pack Vendor :STMicroelectronics X-CUBE-TOF1 3.3.0
2023-07-12 13:23:55,815 [INFO] ThirdParty:967 - CMSIS Pack Vendor :STMicroelectronics PDM2PCM 3.2.0
2023-07-12 13:23:55,815 [INFO] ThirdParty:967 - CMSIS Pack Vendor :STMicroelectronics PDM2PCM 3.3.0
2023-07-12 13:23:55,816 [INFO] ThirdParty:787 - exiting critical section [change project]
2023-07-12 13:23:55,989 [INFO] PinOutPanel:1463 - setPackage(No Configuration,No Configuration)
2023-07-12 13:23:55,990 [INFO] PinOutPanel:1463 - setPackage(STM32F103C8Tx,LQFP48)
2023-07-12 13:23:56,258 [INFO] UtilMem:74 - Before build in PCC Used Memory: 409420832 Bytes (607125504)
2023-07-12 13:23:56,732 [INFO] UtilMem:74 - After build in PCC Used Memory: 382085120 Bytes (607125504)
2023-07-12 13:23:56,749 [INFO] IPUIPlugin:74 - create IPUIPlugin
2023-07-12 13:23:56,749 [INFO] IPUIPlugin:74 - create IPUIPlugin
2023-07-12 13:23:56,749 [INFO] IPUIPlugin:74 - create IPUIPlugin
2023-07-12 13:23:56,749 [INFO] IPUIPlugin:74 - create IPUIPlugin
2023-07-12 13:23:56,749 [INFO] IPUIPlugin:74 - create IPUIPlugin
2023-07-12 13:23:56,750 [INFO] IPUIPlugin:74 - create IPUIPlugin
2023-07-12 13:23:56,750 [INFO] IPUIPlugin:74 - create IPUIPlugin
2023-07-12 13:23:56,750 [INFO] IPUIPlugin:74 - create IPUIPlugin
2023-07-12 13:23:56,750 [INFO] IPUIPlugin:74 - create IPUIPlugin
2023-07-12 13:23:56,750 [INFO] IPUIPlugin:74 - create IPUIPlugin
2023-07-12 13:23:56,750 [INFO] IPUIPlugin:74 - create IPUIPlugin
2023-07-12 13:23:56,750 [INFO] IPUIPlugin:74 - create IPUIPlugin
2023-07-12 13:23:56,750 [INFO] IPUIPlugin:74 - create IPUIPlugin
2023-07-12 13:23:56,751 [INFO] IPUIPlugin:74 - create IPUIPlugin
2023-07-12 13:23:56,751 [INFO] IPUIPlugin:74 - create IPUIPlugin
2023-07-12 13:23:56,751 [INFO] IPUIPlugin:74 - create IPUIPlugin
2023-07-12 13:23:56,751 [INFO] IPUIPlugin:74 - create IPUIPlugin
2023-07-12 13:23:56,751 [INFO] IPUIPlugin:74 - create IPUIPlugin
2023-07-12 13:23:56,752 [INFO] IPUIPlugin:74 - create IPUIPlugin
2023-07-12 13:23:56,752 [INFO] IPUIPlugin:74 - create IPUIPlugin
2023-07-12 13:23:56,752 [INFO] IPUIPlugin:74 - create IPUIPlugin
2023-07-12 13:23:56,752 [INFO] IPUIPlugin:74 - create IPUIPlugin
2023-07-12 13:23:56,753 [INFO] IPUIPlugin:74 - create IPUIPlugin
2023-07-12 13:23:56,753 [INFO] IPUIPlugin:74 - create IPUIPlugin
2023-07-12 13:23:56,753 [INFO] IPUIPlugin:74 - create IPUIPlugin
2023-07-12 13:23:56,753 [INFO] IPUIPlugin:74 - create IPUIPlugin
2023-07-12 13:23:56,754 [INFO] IPUIPlugin:74 - create IPUIPlugin
2023-07-12 13:23:56,861 [INFO] OpenFileManager:333 - Restore cursor
2023-07-12 13:23:57,046 [INFO] UtilMem:74 - End SaveConfig() Used Memory: 495857840 Bytes (607125504)
2023-07-12 13:23:57,085 [INFO] UtilMem:74 - End SaveConfig() Used Memory: 510537728 Bytes (607125504)
2023-07-12 13:23:57,327 [INFO] BlockDiagram:2740 - set Specific Code input for plugin: NVIC
2023-07-12 13:23:57,328 [INFO] BlockDiagram:2740 - set Specific Code input for plugin: SYS
2023-07-12 13:23:57,328 [INFO] BlockDiagram:2740 - set Specific Code input for plugin: RCC
2023-07-12 13:23:57,330 [INFO] CodeGenerator:663 - code generatio: config db path: C:\ST\STM32CubeIDE_1.7.0\STM32CubeIDE\plugins\com.st.stm32cube.common.mx_6.3.0.202107141111\\db\
2023-07-12 13:23:57,543 [INFO] CodeEngine:239 - oldGeneratedFile, C:\Users\Minh Tuan\Documents\stm\uartstm32_esp8266\uart\MXTmpFiles\license.tmp_save
2023-07-12 13:23:57,795 [INFO] CodeEngine:257 - Generated code: C:\Users\Minh Tuan\Documents\stm\uartstm32_esp8266\uart\MXTmpFiles\license.tmp
2023-07-12 13:23:57,894 [INFO] CodeEngine:239 - oldGeneratedFile, C:\Users\Minh Tuan\Documents\stm\uartstm32_esp8266\uart\Core\Src\stm32f1xx_it.c_save
2023-07-12 13:23:57,984 [INFO] CodeEngine:257 - Generated code: C:\Users\Minh Tuan\Documents\stm\uartstm32_esp8266\uart\Core\Src\stm32f1xx_it.c
2023-07-12 13:23:57,991 [INFO] CodeEngine:239 - oldGeneratedFile, C:\Users\Minh Tuan\Documents\stm\uartstm32_esp8266\uart\Core\Inc\stm32f1xx_it.h_save
2023-07-12 13:23:58,043 [INFO] CodeEngine:257 - Generated code: C:\Users\Minh Tuan\Documents\stm\uartstm32_esp8266\uart\Core\Inc\stm32f1xx_it.h
2023-07-12 13:23:58,057 [INFO] CodeEngine:239 - oldGeneratedFile, C:\Users\Minh Tuan\Documents\stm\uartstm32_esp8266\uart\Core\Src\stm32f1xx_hal_msp.c_save
2023-07-12 13:23:58,151 [INFO] CodeEngine:257 - Generated code: C:\Users\Minh Tuan\Documents\stm\uartstm32_esp8266\uart\Core\Src\stm32f1xx_hal_msp.c
2023-07-12 13:23:58,158 [INFO] CodeEngine:239 - oldGeneratedFile, C:\Users\Minh Tuan\Documents\stm\uartstm32_esp8266\uart\MXTmpFiles\system.tmp_save
2023-07-12 13:23:58,202 [INFO] CodeEngine:257 - Generated code: C:\Users\Minh Tuan\Documents\stm\uartstm32_esp8266\uart\MXTmpFiles\system.tmp
2023-07-12 13:23:58,217 [INFO] CodeEngine:239 - oldGeneratedFile, C:\Users\Minh Tuan\Documents\stm\uartstm32_esp8266\uart\Core\Inc\stm32f1xx_hal_conf.h_save
2023-07-12 13:23:58,282 [INFO] CodeEngine:257 - Generated code: C:\Users\Minh Tuan\Documents\stm\uartstm32_esp8266\uart\Core\Inc\stm32f1xx_hal_conf.h
2023-07-12 13:23:58,321 [INFO] CodeEngine:239 - oldGeneratedFile, C:\Users\Minh Tuan\Documents\stm\uartstm32_esp8266\uart\Core\Inc\main.h_save
2023-07-12 13:23:58,389 [INFO] CodeEngine:257 - Generated code: C:\Users\Minh Tuan\Documents\stm\uartstm32_esp8266\uart\Core\Inc\main.h
2023-07-12 13:23:58,397 [INFO] CodeEngine:239 - oldGeneratedFile, C:\Users\Minh Tuan\Documents\stm\uartstm32_esp8266\uart\Core\Src\main.c_save
2023-07-12 13:23:58,488 [INFO] CodeEngine:257 - Generated code: C:\Users\Minh Tuan\Documents\stm\uartstm32_esp8266\uart\Core\Src\main.c
2023-07-12 13:23:59,079 [INFO] ProjectBuilder:2578 - Time for Copy HAL[1] : 82mS.
2023-07-12 13:23:59,083 [INFO] ProjectBuilder:3622 - Project Generator version: 3.14.1
2023-07-12 13:23:59,512 [INFO] ConfigFileManager:1271 - The Die is : DIE410
2023-07-12 13:23:59,533 [INFO] ApiDbMcu:468 - Load IP Config File for FATFS
2023-07-12 13:23:59,565 [INFO] ApiDbMcu:468 - Load IP Config File for FREERTOS
2023-07-12 13:23:59,588 [INFO] ApiDbMcu:468 - Load IP Config File for USB_DEVICE
2023-07-12 13:24:03,203 [INFO] ProjectBuilder:3789 - Time for Generating toolchain IDE Files: 4120mS.
2023-07-12 13:24:03,204 [INFO] ProjectBuilder:2457 - Time for Copy CMSIS : 0mS.
2023-07-12 13:24:03,206 [INFO] ProjectBuilder:2457 - Time for Copy CMSIS : 0mS.
2023-07-12 13:24:03,667 [INFO] McuFinderGlobals:52 - Set McuFinderConnectedMode to true
2023-07-12 13:24:03,669 [INFO] ApiDb:276 - Save user favorites file C:\Users\Minh Tuan/.stm32cubeide/favorites.mcus.txt: 1 item(s)
2023-07-12 13:24:03,669 [INFO] ApiDb:280 - User favorites MCUs=[STM32F103C6Ux]
2023-07-12 13:25:00,788 [INFO] UtilMem:74 - End SaveConfig() Used Memory: 770120360 Bytes (873463808)
2023-07-12 13:25:01,863 [INFO] UtilMem:74 - End SaveConfig() Used Memory: 731745288 Bytes (873463808)
2023-07-12 13:25:03,474 [INFO] UtilMem:74 - End SaveConfig() Used Memory: 750303120 Bytes (873463808)
2023-07-12 13:25:03,693 [INFO] BlockDiagram:2740 - set Specific Code input for plugin: NVIC
2023-07-12 13:25:03,693 [INFO] BlockDiagram:2740 - set Specific Code input for plugin: USART
2023-07-12 13:25:03,694 [INFO] BlockDiagram:2740 - set Specific Code input for plugin: SYS
2023-07-12 13:25:03,694 [INFO] BlockDiagram:2740 - set Specific Code input for plugin: GPIO
2023-07-12 13:25:03,694 [INFO] BlockDiagram:2740 - set Specific Code input for plugin: RCC
2023-07-12 13:25:03,695 [INFO] CodeGenerator:663 - code generatio: config db path: C:\ST\STM32CubeIDE_1.7.0\STM32CubeIDE\plugins\com.st.stm32cube.common.mx_6.3.0.202107141111\\db\
2023-07-12 13:25:03,896 [INFO] CodeEngine:239 - oldGeneratedFile, C:\Users\Minh Tuan\Documents\stm\uartstm32_esp8266\uart\MXTmpFiles\license.tmp_save
2023-07-12 13:25:03,950 [INFO] CodeEngine:257 - Generated code: C:\Users\Minh Tuan\Documents\stm\uartstm32_esp8266\uart\MXTmpFiles\license.tmp
2023-07-12 13:25:03,988 [INFO] CodeEngine:239 - oldGeneratedFile, C:\Users\Minh Tuan\Documents\stm\uartstm32_esp8266\uart\MXTmpFiles\gpio.tmp_save
2023-07-12 13:25:04,037 [INFO] CodeEngine:257 - Generated code: C:\Users\Minh Tuan\Documents\stm\uartstm32_esp8266\uart\MXTmpFiles\gpio.tmp
2023-07-12 13:25:04,098 [INFO] CodeEngine:239 - oldGeneratedFile, C:\Users\Minh Tuan\Documents\stm\uartstm32_esp8266\uart\Core\Src\stm32f1xx_it.c_save
2023-07-12 13:25:04,158 [INFO] CodeEngine:257 - Generated code: C:\Users\Minh Tuan\Documents\stm\uartstm32_esp8266\uart\Core\Src\stm32f1xx_it.c
2023-07-12 13:25:04,162 [INFO] CodeEngine:239 - oldGeneratedFile, C:\Users\Minh Tuan\Documents\stm\uartstm32_esp8266\uart\Core\Inc\stm32f1xx_it.h_save
2023-07-12 13:25:04,220 [INFO] CodeEngine:257 - Generated code: C:\Users\Minh Tuan\Documents\stm\uartstm32_esp8266\uart\Core\Inc\stm32f1xx_it.h
2023-07-12 13:25:04,233 [INFO] CodeEngine:239 - oldGeneratedFile, C:\Users\Minh Tuan\Documents\stm\uartstm32_esp8266\uart\Core\Src\stm32f1xx_hal_msp.c_save
2023-07-12 13:25:04,318 [INFO] CodeEngine:257 - Generated code: C:\Users\Minh Tuan\Documents\stm\uartstm32_esp8266\uart\Core\Src\stm32f1xx_hal_msp.c
2023-07-12 13:25:04,321 [INFO] CodeEngine:239 - oldGeneratedFile, C:\Users\Minh Tuan\Documents\stm\uartstm32_esp8266\uart\MXTmpFiles\system.tmp_save
2023-07-12 13:25:04,363 [INFO] CodeEngine:257 - Generated code: C:\Users\Minh Tuan\Documents\stm\uartstm32_esp8266\uart\MXTmpFiles\system.tmp
2023-07-12 13:25:04,375 [INFO] CodeEngine:239 - oldGeneratedFile, C:\Users\Minh Tuan\Documents\stm\uartstm32_esp8266\uart\Core\Inc\stm32f1xx_hal_conf.h_save
2023-07-12 13:25:04,453 [INFO] CodeEngine:257 - Generated code: C:\Users\Minh Tuan\Documents\stm\uartstm32_esp8266\uart\Core\Inc\stm32f1xx_hal_conf.h
2023-07-12 13:25:04,500 [INFO] CodeEngine:239 - oldGeneratedFile, C:\Users\Minh Tuan\Documents\stm\uartstm32_esp8266\uart\Core\Inc\main.h_save
2023-07-12 13:25:04,559 [INFO] CodeEngine:257 - Generated code: C:\Users\Minh Tuan\Documents\stm\uartstm32_esp8266\uart\Core\Inc\main.h
2023-07-12 13:25:04,573 [INFO] CodeEngine:239 - oldGeneratedFile, C:\Users\Minh Tuan\Documents\stm\uartstm32_esp8266\uart\Core\Src\main.c_save
2023-07-12 13:25:04,725 [INFO] CodeEngine:257 - Generated code: C:\Users\Minh Tuan\Documents\stm\uartstm32_esp8266\uart\Core\Src\main.c
2023-07-12 13:25:05,450 [INFO] ProjectBuilder:2578 - Time for Copy HAL[1] : 97mS.
2023-07-12 13:25:05,454 [INFO] ProjectBuilder:3622 - Project Generator version: 3.14.1
2023-07-12 13:25:05,818 [INFO] ConfigFileManager:1271 - The Die is : DIE410
2023-07-12 13:25:07,540 [INFO] ProjectBuilder:3789 - Time for Generating toolchain IDE Files: 2086mS.
2023-07-12 13:25:07,541 [INFO] ProjectBuilder:2457 - Time for Copy CMSIS : 1mS.
2023-07-12 13:25:07,542 [INFO] ProjectBuilder:2457 - Time for Copy CMSIS : 0mS.
2023-07-12 14:04:48,172 [INFO] NvicIntPanel:96 - NVIC parent = com.st.microxplorer.plugins.ip.nvic.MultiNvicIntPanel[,0,0,534x132,layout=javax.swing.BoxLayout,alignmentX=0.0,alignmentY=0.0,border=,flags=9,maximumSize=,minimumSize=,preferredSize=]
2023-07-12 14:05:11,402 [INFO] UtilMem:74 - End SaveConfig() Used Memory: 805749112 Bytes (1061158912)
2023-07-12 14:05:12,443 [INFO] UtilMem:74 - End SaveConfig() Used Memory: 833243512 Bytes (1061158912)
2023-07-12 14:05:19,898 [INFO] UtilMem:74 - End SaveConfig() Used Memory: 810498648 Bytes (1061158912)
2023-07-12 14:05:20,086 [INFO] BlockDiagram:2740 - set Specific Code input for plugin: NVIC
2023-07-12 14:05:20,087 [INFO] BlockDiagram:2740 - set Specific Code input for plugin: USART
2023-07-12 14:05:20,087 [INFO] BlockDiagram:2740 - set Specific Code input for plugin: SYS
2023-07-12 14:05:20,087 [INFO] BlockDiagram:2740 - set Specific Code input for plugin: GPIO
2023-07-12 14:05:20,087 [INFO] BlockDiagram:2740 - set Specific Code input for plugin: RCC
2023-07-12 14:05:20,088 [INFO] CodeGenerator:663 - code generatio: config db path: C:\ST\STM32CubeIDE_1.7.0\STM32CubeIDE\plugins\com.st.stm32cube.common.mx_6.3.0.202107141111\\db\
2023-07-12 14:05:20,301 [INFO] CodeEngine:239 - oldGeneratedFile, C:\Users\Minh Tuan\Documents\stm\uartstm32_esp8266\uart\MXTmpFiles\license.tmp_save
2023-07-12 14:05:20,356 [INFO] CodeEngine:257 - Generated code: C:\Users\Minh Tuan\Documents\stm\uartstm32_esp8266\uart\MXTmpFiles\license.tmp
2023-07-12 14:05:20,371 [INFO] CodeEngine:239 - oldGeneratedFile, C:\Users\Minh Tuan\Documents\stm\uartstm32_esp8266\uart\MXTmpFiles\gpio.tmp_save
2023-07-12 14:05:20,428 [INFO] CodeEngine:257 - Generated code: C:\Users\Minh Tuan\Documents\stm\uartstm32_esp8266\uart\MXTmpFiles\gpio.tmp
2023-07-12 14:05:20,483 [INFO] CodeEngine:239 - oldGeneratedFile, C:\Users\Minh Tuan\Documents\stm\uartstm32_esp8266\uart\Core\Src\stm32f1xx_it.c_save
2023-07-12 14:05:20,579 [INFO] CodeEngine:257 - Generated code: C:\Users\Minh Tuan\Documents\stm\uartstm32_esp8266\uart\Core\Src\stm32f1xx_it.c
2023-07-12 14:05:20,583 [INFO] CodeEngine:239 - oldGeneratedFile, C:\Users\Minh Tuan\Documents\stm\uartstm32_esp8266\uart\Core\Inc\stm32f1xx_it.h_save
2023-07-12 14:05:20,647 [INFO] CodeEngine:257 - Generated code: C:\Users\Minh Tuan\Documents\stm\uartstm32_esp8266\uart\Core\Inc\stm32f1xx_it.h
2023-07-12 14:05:20,674 [INFO] CodeEngine:239 - oldGeneratedFile, C:\Users\Minh Tuan\Documents\stm\uartstm32_esp8266\uart\Core\Src\stm32f1xx_hal_msp.c_save
2023-07-12 14:05:20,764 [INFO] CodeEngine:257 - Generated code: C:\Users\Minh Tuan\Documents\stm\uartstm32_esp8266\uart\Core\Src\stm32f1xx_hal_msp.c
2023-07-12 14:05:20,767 [INFO] CodeEngine:239 - oldGeneratedFile, C:\Users\Minh Tuan\Documents\stm\uartstm32_esp8266\uart\MXTmpFiles\system.tmp_save
2023-07-12 14:05:20,812 [INFO] CodeEngine:257 - Generated code: C:\Users\Minh Tuan\Documents\stm\uartstm32_esp8266\uart\MXTmpFiles\system.tmp
2023-07-12 14:05:20,825 [INFO] CodeEngine:239 - oldGeneratedFile, C:\Users\Minh Tuan\Documents\stm\uartstm32_esp8266\uart\Core\Inc\stm32f1xx_hal_conf.h_save
2023-07-12 14:05:20,889 [INFO] CodeEngine:257 - Generated code: C:\Users\Minh Tuan\Documents\stm\uartstm32_esp8266\uart\Core\Inc\stm32f1xx_hal_conf.h
2023-07-12 14:05:20,920 [INFO] CodeEngine:239 - oldGeneratedFile, C:\Users\Minh Tuan\Documents\stm\uartstm32_esp8266\uart\Core\Inc\main.h_save
2023-07-12 14:05:20,990 [INFO] CodeEngine:257 - Generated code: C:\Users\Minh Tuan\Documents\stm\uartstm32_esp8266\uart\Core\Inc\main.h
2023-07-12 14:05:21,000 [INFO] CodeEngine:239 - oldGeneratedFile, C:\Users\Minh Tuan\Documents\stm\uartstm32_esp8266\uart\Core\Src\main.c_save
2023-07-12 14:05:21,073 [INFO] CodeEngine:257 - Generated code: C:\Users\Minh Tuan\Documents\stm\uartstm32_esp8266\uart\Core\Src\main.c
2023-07-12 14:05:21,615 [INFO] ProjectBuilder:2578 - Time for Copy HAL[1] : 62mS.
2023-07-12 14:05:21,618 [INFO] ProjectBuilder:3622 - Project Generator version: 3.14.1
2023-07-12 14:05:22,213 [INFO] ConfigFileManager:1271 - The Die is : DIE410
2023-07-12 14:05:23,358 [INFO] ProjectBuilder:3789 - Time for Generating toolchain IDE Files: 1740mS.
2023-07-12 14:05:23,359 [INFO] ProjectBuilder:2457 - Time for Copy CMSIS : 1mS.
2023-07-12 14:05:23,361 [INFO] ProjectBuilder:2457 - Time for Copy CMSIS : 0mS.
